client_39clients@lab29.cpt.haw-hamburg.de-<0.220.0>- Start: 12.04 13:31:25,795|
lab29-1-1: message_number_39. Sent time: 12.04 13:31:25,796| was sent
lab29-1-1: message_number_89. Sent time: 12.04 13:31:27,797| was sent
lab29-1-1: message_number_129. Sent time: 12.04 13:31:29,799| was sent
lab29-1-1: message_number_179. Sent time: 12.04 13:31:31,802| was sent
lab29-1-1: message_number_229. Sent time: 12.04 13:31:33,805| was sent
EDITOR>>> message number 269 forgotten to send
'clientNode@lab26.cpt.haw-hamburg.de'-<0.9126.0>-C-3-06:159te Nachricht.C Out:12.04 13:31:33,701| 12.04 13:31:33,702|*******
'clientNode@lab26.cpt.haw-hamburg.de'-<0.9128.0>-C-3-06:160te Nachricht.C Out:12.04 13:31:33,702| 12.04 13:31:33,702|*******
'clientNode2@lab26.cpt.haw-hamburg.de'-<0.373.0>-C-3-06:161te Nachricht.C Out:12.04 13:31:34,545| 12.04 13:31:34,546|*******
'clientNode2@lab26.cpt.haw-hamburg.de'-<0.370.0>-C-3-06:162te Nachricht.C Out:12.04 13:31:34,545| 12.04 13:31:34,547|*******
'clientNode2@lab26.cpt.haw-hamburg.de'-<0.376.0>-C-3-06:163te Nachricht.C Out:12.04 13:31:34,546| 12.04 13:31:34,547|*******
'clientNode2@lab26.cpt.haw-hamburg.de'-<0.379.0>-C-3-06:164te Nachricht.C Out:12.04 13:31:34,546| 12.04 13:31:34,549|*******
'clientNode2@lab26.cpt.haw-hamburg.de'-<0.382.0>-C-3-06:165te Nachricht.C Out:12.04 13:31:34,546| 12.04 13:31:34,548|*******
'clientNode2@lab26.cpt.haw-hamburg.de'-<0.384.0>-C-3-06:166te Nachricht.C Out:12.04 13:31:34,548| 12.04 13:31:34,549|*******
'clientNode2@lab26.cpt.haw-hamburg.de'-<0.387.0>-C-3-06:167te Nachricht.C Out:12.04 13:31:34,548| 12.04 13:31:34,550|*******
'clientNode2@lab26.cpt.haw-hamburg.de'-<0.390.0>-C-3-06:168te Nachricht.C Out:12.04 13:31:34,550| 12.04 13:31:34,551|*******
'clientNode2@lab26.cpt.haw-hamburg.de'-<0.392.0>-C-3-06:169te Nachricht.C Out:12.04 13:31:34,551| 12.04 13:31:34,552|*******
'clientNode2@lab26.cpt.haw-hamburg.de'-<0.395.0>-C-3-06:170te Nachricht.C Out:12.04 13:31:34,552| 12.04 13:31:34,553|*******
lab29-1-1: message_number_171. Sent time: 12.04 13:31:31,793| 12.04 13:31:33,795|*******
lab29-1-1: message_number_172. Sent time: 12.04 13:31:31,795| 12.04 13:31:33,797|*******
lab29-1-1: message_number_173. Sent time: 12.04 13:31:31,796| 12.04 13:31:33,798|*******
lab29-1-1: message_number_174. Sent time: 12.04 13:31:31,796| 12.04 13:31:33,798|*******
lab29-1-1: message_number_175. Sent time: 12.04 13:31:31,797| 12.04 13:31:33,799|*******
lab29-1-1: message_number_176. Sent time: 12.04 13:31:31,798| 12.04 13:31:33,800|*******
lab29-1-1: message_number_177. Sent time: 12.04 13:31:31,800| 12.04 13:31:33,801|*******
lab29-1-1: message_number_178. Sent time: 12.04 13:31:31,800| 12.04 13:31:33,802|*******
lab29-1-1: message_number_179. Sent time: 12.04 13:31:31,802| 12.04 13:31:33,804|*******
lab29-1-1: message_number_180. Sent time: 12.04 13:31:31,803| 12.04 13:31:33,804|*******
lab29-1-1: message_number_181. Sent time: 12.04 13:31:31,803| 12.04 13:31:33,805|*******
lab29-1-1: message_number_182. Sent time: 12.04 13:31:31,804| 12.04 13:31:33,805|*******
lab29-1-1: message_number_183. Sent time: 12.04 13:31:31,804| 12.04 13:31:33,806|*******
lab29-1-1: message_number_184. Sent time: 12.04 13:31:31,805| 12.04 13:31:33,807|*******
lab29-1-1: message_number_185. Sent time: 12.04 13:31:31,806| 12.04 13:31:33,808|*******
lab29-1-1: message_number_186. Sent time: 12.04 13:31:31,808| 12.04 13:31:33,810|*******
lab29-1-1: message_number_187. Sent time: 12.04 13:31:31,809| 12.04 13:31:33,810|*******
lab29-1-1: message_number_188. Sent time: 12.04 13:31:31,809| 12.04 13:31:33,811|*******
lab29-1-1: message_number_189. Sent time: 12.04 13:31:31,810| 12.04 13:31:33,812|*******
lab29-1-1: message_number_190. Sent time: 12.04 13:31:31,811| 12.04 13:31:33,813|*******
5-profB@lab31.cpt.haw-hamburg.de-<0.13167.0>-KLC: 191te_Nachricht. C Out: 12.04 13:31:35,535| 12.04 13:31:35,536|*******
1-profB@lab31.cpt.haw-hamburg.de-<0.13163.0>-KLC: 192te_Nachricht. C Out: 12.04 13:31:35,535| 12.04 13:31:35,537|*******
4-profB@lab31.cpt.haw-hamburg.de-<0.13166.0>-KLC: 193te_Nachricht. C Out: 12.04 13:31:35,535| 12.04 13:31:35,537|*******
7-profB@lab31.cpt.haw-hamburg.de-<0.13169.0>-KLC: 194te_Nachricht. C Out: 12.04 13:31:35,535| 12.04 13:31:35,538|*******
0-profB@lab31.cpt.haw-hamburg.de-<0.13162.0>-KLC: 195te_Nachricht. C Out: 12.04 13:31:35,536| 12.04 13:31:35,538|*******
9-profB@lab31.cpt.haw-hamburg.de-<0.13171.0>-KLC: 196te_Nachricht. C Out: 12.04 13:31:35,536| 12.04 13:31:35,539|*******
3-profB@lab31.cpt.haw-hamburg.de-<0.13165.0>-KLC: 197te_Nachricht. C Out: 12.04 13:31:35,536| 12.04 13:31:35,540|*******
2-profB@lab31.cpt.haw-hamburg.de-<0.13164.0>-KLC: 198te_Nachricht. C Out: 12.04 13:31:35,537| 12.04 13:31:35,540|*******
6-profB@lab31.cpt.haw-hamburg.de-<0.13168.0>-KLC: 199te_Nachricht. C Out: 12.04 13:31:35,537| 12.04 13:31:35,541|*******
8-profB@lab31.cpt.haw-hamburg.de-<0.13170.0>-KLC: 200te_Nachricht. C Out: 12.04 13:31:35,538| 12.04 13:31:35,541|*******
lab29-1-1: message_number_289. Sent time: 12.04 13:31:36,073| was sent
lab29-1-1: message_number_569. Sent time: 12.04 13:31:40,075| was sent
lab29-1-1: message_number_714. Sent time: 12.04 13:31:44,078| was sent
lab29-1-1: message_number_825. Sent time: 12.04 13:31:48,081| was sent
lab29-1-1: message_number_1130. Sent time: 12.04 13:31:52,083| was sent
EDITOR>>> message number 1257 forgotten to send
9-profB@lab31.cpt.haw-hamburg.de-<0.13171.0>-KLC: 1115te_Nachricht. C Out: 12.04 13:31:54,813| 12.04 13:31:54,815|*******
Fehlernachricht fuer Nachrichtennummern 1121 bis 1140*******
lab29-1-1: message_number_1281. Sent time: 12.04 13:31:56,105| was sent
lab29-1-1: message_number_1323. Sent time: 12.04 13:31:58,115| was sent
lab29-1-1: message_number_1380. Sent time: 12.04 13:32:00,117| was sent
lab29-1-1: message_number_1464. Sent time: 12.04 13:32:02,118| was sent
lab29-1-1: message_number_1628. Sent time: 12.04 13:32:04,121| was sent
EDITOR>>> message number 1792 forgotten to send
3-clientserver@lab22.cpt.haw-hamburg.de<0.22050.0>-C-1-5: 1474te_Nachricht. C Out: 12.04 13:32:02,212|(1474) 12.04 13:32:04,215|*******
0-clientserver@lab22.cpt.haw-hamburg.de<0.22046.0>-C-1-5: 1475te_Nachricht. C Out: 12.04 13:32:02,213|(1475) 12.04 13:32:04,215|*******
1-clientserver@lab22.cpt.haw-hamburg.de<0.22047.0>-C-1-5: 1476te_Nachricht. C Out: 12.04 13:32:02,213|(1476) 12.04 13:32:04,216|*******
11-clientserver@lab22.cpt.haw-hamburg.de<0.22058.0>-C-1-5: 1477te_Nachricht. C Out: 12.04 13:32:02,214|(1477) 12.04 13:32:04,216|*******
4-clientserver@lab22.cpt.haw-hamburg.de<0.22051.0>-C-1-5: 1478te_Nachricht. C Out: 12.04 13:32:02,218|(1478) 12.04 13:32:04,219|*******
5-clientserver@lab22.cpt.haw-hamburg.de<0.22052.0>-C-1-5: 1479te_Nachricht. C Out: 12.04 13:32:02,220|(1479) 12.04 13:32:04,221|*******
7-clientserver@lab22.cpt.haw-hamburg.de<0.22054.0>-C-1-5: 1480te_Nachricht. C Out: 12.04 13:32:02,220|(1480) 12.04 13:32:04,221|*******
10-clientserver@lab22.cpt.haw-hamburg.de<0.22057.0>-C-1-5: 1481te_Nachricht. C Out: 12.04 13:32:02,221|(1481) 12.04 13:32:04,222|*******
12-clientserver@lab22.cpt.haw-hamburg.de<0.22059.0>-C-1-5: 1482te_Nachricht. C Out: 12.04 13:32:02,221|(1482) 12.04 13:32:04,223|*******
13-clientserver@lab22.cpt.haw-hamburg.de<0.22060.0>-C-1-5: 1483te_Nachricht. C Out: 12.04 13:32:02,222|(1483) 12.04 13:32:04,223|*******
18-clientserver@lab22.cpt.haw-hamburg.de<0.22065.0>-C-1-5: 1484te_Nachricht. C Out: 12.04 13:32:02,222|(1484) 12.04 13:32:04,224|*******
15-clientserver@lab22.cpt.haw-hamburg.de<0.22062.0>-C-1-5: 1485te_Nachricht. C Out: 12.04 13:32:02,223|(1485) 12.04 13:32:04,224|*******
19-clientserver@lab22.cpt.haw-hamburg.de<0.22066.0>-C-1-5: 1486te_Nachricht. C Out: 12.04 13:32:02,223|(1486) 12.04 13:32:04,224|*******
'clientNode2@lab26.cpt.haw-hamburg.de'-<0.384.0>-C-3-06:1487te Nachricht.C Out:12.04 13:32:05,736| 12.04 13:32:05,737|*******
'clientNode2@lab26.cpt.haw-hamburg.de'-<0.387.0>-C-3-06:1488te Nachricht.C Out:12.04 13:32:04,775| 12.04 13:32:04,776|*******
'clientNode2@lab26.cpt.haw-hamburg.de'-<0.376.0>-C-3-06:1489te Nachricht.C Out:12.04 13:32:04,776| 12.04 13:32:04,777|*******
'clientNode2@lab26.cpt.haw-hamburg.de'-<0.373.0>-C-3-06:1490te Nachricht.C Out:12.04 13:32:04,776| 12.04 13:32:04,777|*******
'clientNode2@lab26.cpt.haw-hamburg.de'-<0.379.0>-C-3-06:1491te Nachricht.C Out:12.04 13:32:04,799| 12.04 13:32:04,800|*******
'clientNode2@lab26.cpt.haw-hamburg.de'-<0.370.0>-C-3-06:1492te Nachricht.C Out:12.04 13:32:04,800| 12.04 13:32:04,801|*******
Fehlernachricht fuer Nachrichtennummern 1493 bis 1502*******
'clientNode@lab26.cpt.haw-hamburg.de'-<0.9123.0>-C-3-06:1503te Nachricht.C Out:12.04 13:32:04,943| 12.04 13:32:04,943|*******
'clientNode@lab26.cpt.haw-hamburg.de'-<0.9117.0>-C-3-06:1504te Nachricht.C Out:12.04 13:32:04,945| 12.04 13:32:04,945|*******
'clientNode@lab26.cpt.haw-hamburg.de'-<0.9126.0>-C-3-06:1505te Nachricht.C Out:12.04 13:32:04,945| 12.04 13:32:04,946|*******
'clientNode@lab26.cpt.haw-hamburg.de'-<0.9128.0>-C-3-06:1506te Nachricht.C Out:12.04 13:32:05,945| 12.04 13:32:05,945|*******
Fehlernachricht fuer Nachrichtennummern 1507 bis 1617*******
lab29-1-1: message_number_1618. Sent time: 12.04 13:32:04,115| 12.04 13:32:06,117|*******
lab29-1-1: message_number_1619. Sent time: 12.04 13:32:04,116| 12.04 13:32:06,117|*******
lab29-1-1: message_number_1620. Sent time: 12.04 13:32:04,116| 12.04 13:32:06,117|*******
lab29-1-1: message_number_1621. Sent time: 12.04 13:32:04,116| 12.04 13:32:06,118|*******
lab29-1-1: message_number_1622. Sent time: 12.04 13:32:04,117| 12.04 13:32:06,118|*******
lab29-1-1: message_number_1623. Sent time: 12.04 13:32:04,117| 12.04 13:32:06,120|*******
lab29-1-1: message_number_1624. Sent time: 12.04 13:32:04,117| 12.04 13:32:06,120|*******
lab29-1-1: message_number_1625. Sent time: 12.04 13:32:04,118| 12.04 13:32:06,121|*******
lab29-1-1: message_number_1626. Sent time: 12.04 13:32:04,119| 12.04 13:32:06,122|*******
lab29-1-1: message_number_1627. Sent time: 12.04 13:32:04,119| 12.04 13:32:06,123|*******
lab29-1-1: message_number_1628. Sent time: 12.04 13:32:04,121| 12.04 13:32:06,124|*******
lab29-1-1: message_number_1629. Sent time: 12.04 13:32:04,121| 12.04 13:32:06,126|*******
lab29-1-1: message_number_1630. Sent time: 12.04 13:32:04,121| 12.04 13:32:06,125|*******
lab29-1-1: message_number_1631. Sent time: 12.04 13:32:04,121| 12.04 13:32:06,126|*******
lab29-1-1: message_number_1632. Sent time: 12.04 13:32:04,122| 12.04 13:32:06,128|*******
lab29-1-1: message_number_1633. Sent time: 12.04 13:32:04,122| 12.04 13:32:06,127|*******
lab29-1-1: message_number_1634. Sent time: 12.04 13:32:04,123| 12.04 13:32:06,129|*******
lab29-1-1: message_number_1635. Sent time: 12.04 13:32:04,124| 12.04 13:32:06,129|*******
lab29-1-1: message_number_1636. Sent time: 12.04 13:32:04,125| 12.04 13:32:06,131|*******
lab29-1-1: message_number_1637. Sent time: 12.04 13:32:04,125| 12.04 13:32:06,131|*******
3-clientserver@lab22.cpt.haw-hamburg.de<0.22050.0>-C-1-5: 1638te_Nachricht. C Out: 12.04 13:32:04,215|(1638) 12.04 13:32:06,223|*******
0-clientserver@lab22.cpt.haw-hamburg.de<0.22046.0>-C-1-5: 1639te_Nachricht. C Out: 12.04 13:32:04,216|(1639) 12.04 13:32:06,224|*******
1-clientserver@lab22.cpt.haw-hamburg.de<0.22047.0>-C-1-5: 1640te_Nachricht. C Out: 12.04 13:32:04,216|(1640) 12.04 13:32:06,224|*******
11-clientserver@lab22.cpt.haw-hamburg.de<0.22058.0>-C-1-5: 1641te_Nachricht. C Out: 12.04 13:32:04,216|(1641) 12.04 13:32:06,224|*******
4-clientserver@lab22.cpt.haw-hamburg.de<0.22051.0>-C-1-5: 1642te_Nachricht. C Out: 12.04 13:32:04,219|(1642) 12.04 13:32:06,227|*******
5-clientserver@lab22.cpt.haw-hamburg.de<0.22052.0>-C-1-5: 1643te_Nachricht. C Out: 12.04 13:32:04,221|(1643) 12.04 13:32:06,229|*******
7-clientserver@lab22.cpt.haw-hamburg.de<0.22054.0>-C-1-5: 1644te_Nachricht. C Out: 12.04 13:32:04,221|(1644) 12.04 13:32:06,230|*******
10-clientserver@lab22.cpt.haw-hamburg.de<0.22057.0>-C-1-5: 1645te_Nachricht. C Out: 12.04 13:32:04,222|(1645) 12.04 13:32:06,231|*******
12-clientserver@lab22.cpt.haw-hamburg.de<0.22059.0>-C-1-5: 1646te_Nachricht. C Out: 12.04 13:32:04,223|(1646) 12.04 13:32:06,231|*******
13-clientserver@lab22.cpt.haw-hamburg.de<0.22060.0>-C-1-5: 1647te_Nachricht. C Out: 12.04 13:32:04,223|(1647) 12.04 13:32:06,232|*******
18-clientserver@lab22.cpt.haw-hamburg.de<0.22065.0>-C-1-5: 1648te_Nachricht. C Out: 12.04 13:32:04,224|(1648) 12.04 13:32:06,232|*******
15-clientserver@lab22.cpt.haw-hamburg.de<0.22062.0>-C-1-5: 1649te_Nachricht. C Out: 12.04 13:32:04,224|(1649) 12.04 13:32:06,233|*******
19-clientserver@lab22.cpt.haw-hamburg.de<0.22066.0>-C-1-5: 1650te_Nachricht. C Out: 12.04 13:32:04,225|(1650) 12.04 13:32:06,233|*******
lab29-1-1: message_number_1815. Sent time: 12.04 13:32:06,449| was sent
lab29-1-1: message_number_1877. Sent time: 12.04 13:32:08,451| was sent
lab29-1-1: message_number_1936. Sent time: 12.04 13:32:10,453| was sent
lab29-1-1: message_number_1996. Sent time: 12.04 13:32:12,455| was sent
lab29-1-1: message_number_2064. Sent time: 12.04 13:32:14,457| was sent
EDITOR>>> message number 2114 forgotten to send
12-clientserver@lab22.cpt.haw-hamburg.de<0.22059.0>-C-1-5: 1991te_Nachricht. C Out: 12.04 13:32:12,291|(1991) 12.04 13:32:14,292|*******
13-clientserver@lab22.cpt.haw-hamburg.de<0.22060.0>-C-1-5: 1992te_Nachricht. C Out: 12.04 13:32:12,291|(1992) 12.04 13:32:14,293|*******
18-clientserver@lab22.cpt.haw-hamburg.de<0.22065.0>-C-1-5: 1993te_Nachricht. C Out: 12.04 13:32:12,292|(1993) 12.04 13:32:14,293|*******
lab29-1-1: message_number_2002. Sent time: 12.04 13:32:12,458| 12.04 13:32:14,459|*******
lab29-1-1: message_number_2003. Sent time: 12.04 13:32:12,458| 12.04 13:32:14,459|*******
lab29-1-1: message_number_2004. Sent time: 12.04 13:32:12,458| 12.04 13:32:14,460|*******
lab29-1-1: message_number_2005. Sent time: 12.04 13:32:12,459| 12.04 13:32:14,460|*******
lab29-1-1: message_number_2006. Sent time: 12.04 13:32:12,459| 12.04 13:32:14,461|*******
lab29-1-1: message_number_2007. Sent time: 12.04 13:32:12,460| 12.04 13:32:14,461|*******
lab29-1-1: message_number_2013. Sent time: 12.04 13:32:12,462| 12.04 13:32:14,464|*******
lab29-1-1: message_number_2014. Sent time: 12.04 13:32:12,462| 12.04 13:32:14,464|*******
Fehlernachricht fuer Nachrichtennummern 1989 bis 2027*******
'clientNode2@lab26.cpt.haw-hamburg.de'-<0.376.0>-C-3-06:2028te Nachricht.C Out:12.04 13:32:14,793| 12.04 13:32:14,794|*******
'clientNode2@lab26.cpt.haw-hamburg.de'-<0.395.0>-C-3-06:2029te Nachricht.C Out:12.04 13:32:15,802| 12.04 13:32:15,803|*******
'clientNode2@lab26.cpt.haw-hamburg.de'-<0.370.0>-C-3-06:2030te Nachricht.C Out:12.04 13:32:14,812| 12.04 13:32:14,813|*******
Fehlernachricht fuer Nachrichtennummern 2031 bis 2033*******
'clientNode@lab26.cpt.haw-hamburg.de'-<0.9123.0>-C-3-06:2034te Nachricht.C Out:12.04 13:32:15,984| 12.04 13:32:15,984|*******
'clientNode@lab26.cpt.haw-hamburg.de'-<0.9117.0>-C-3-06:2035te Nachricht.C Out:12.04 13:32:14,985| 12.04 13:32:14,985|*******
'clientNode@lab26.cpt.haw-hamburg.de'-<0.9126.0>-C-3-06:2036te Nachricht.C Out:12.04 13:32:14,985| 12.04 13:32:14,986|*******
Fehlernachricht fuer Nachrichtennummern 2037 bis 2040*******
'clientNode@lab26.cpt.haw-hamburg.de'-<0.9109.0>-C-3-06:2041te Nachricht.C Out:12.04 13:32:15,934| 12.04 13:32:15,934|*******
'clientNode@lab26.cpt.haw-hamburg.de'-<0.9106.0>-C-3-06:2042te Nachricht.C Out:12.04 13:32:15,934| 12.04 13:32:15,935|*******
No new messages*******
lab29-1-1: message_number_2153. Sent time: 12.04 13:32:16,600| was sent
lab29-1-1: message_number_2201. Sent time: 12.04 13:32:18,604| was sent
lab29-1-1: message_number_2276. Sent time: 12.04 13:32:20,607| was sent
lab29-1-1: message_number_2316. Sent time: 12.04 13:32:22,610| was sent
lab29-1-1: message_number_2536. Sent time: 12.04 13:32:24,615| was sent
EDITOR>>> message number 2645 forgotten to send
lab29-1-1: message_number_2305. Sent time: 12.04 13:32:22,604| 12.04 13:32:24,608|*******
lab29-1-1: message_number_2306. Sent time: 12.04 13:32:22,604| 12.04 13:32:24,609|*******
lab29-1-1: message_number_2307. Sent time: 12.04 13:32:22,605| 12.04 13:32:24,610|*******
lab29-1-1: message_number_2308. Sent time: 12.04 13:32:22,607| 12.04 13:32:24,610|*******
lab29-1-1: message_number_2309. Sent time: 12.04 13:32:22,607| 12.04 13:32:24,611|*******
lab29-1-1: message_number_2310. Sent time: 12.04 13:32:22,607| 12.04 13:32:24,612|*******
lab29-1-1: message_number_2311. Sent time: 12.04 13:32:22,607| 12.04 13:32:24,613|*******
lab29-1-1: message_number_2312. Sent time: 12.04 13:32:22,608| 12.04 13:32:24,614|*******
lab29-1-1: message_number_2313. Sent time: 12.04 13:32:22,608| 12.04 13:32:24,613|*******
lab29-1-1: message_number_2314. Sent time: 12.04 13:32:22,609| 12.04 13:32:24,614|*******
lab29-1-1: message_number_2315. Sent time: 12.04 13:32:22,609| 12.04 13:32:24,616|*******
lab29-1-1: message_number_2316. Sent time: 12.04 13:32:22,610| 12.04 13:32:24,615|*******
lab29-1-1: message_number_2317. Sent time: 12.04 13:32:22,610| 12.04 13:32:24,615|*******
lab29-1-1: message_number_2318. Sent time: 12.04 13:32:22,610| 12.04 13:32:24,616|*******
lab29-1-1: message_number_2319. Sent time: 12.04 13:32:22,611| 12.04 13:32:24,617|*******
lab29-1-1: message_number_2320. Sent time: 12.04 13:32:22,612| 12.04 13:32:24,617|*******
lab29-1-1: message_number_2321. Sent time: 12.04 13:32:22,612| 12.04 13:32:24,617|*******
lab29-1-1: message_number_2322. Sent time: 12.04 13:32:22,613| 12.04 13:32:24,618|*******
lab29-1-1: message_number_2323. Sent time: 12.04 13:32:22,613| 12.04 13:32:24,619|*******
lab29-1-1: message_number_2324. Sent time: 12.04 13:32:22,613| 12.04 13:32:24,619|*******
'clientNode2@lab26.cpt.haw-hamburg.de'-<0.387.0>-C-3-06:2325te Nachricht.C Out:12.04 13:32:25,797| 12.04 13:32:25,798|*******
'clientNode2@lab26.cpt.haw-hamburg.de'-<0.373.0>-C-3-06:2326te Nachricht.C Out:12.04 13:32:25,797| 12.04 13:32:25,798|*******
'clientNode2@lab26.cpt.haw-hamburg.de'-<0.379.0>-C-3-06:2327te Nachricht.C Out:12.04 13:32:25,816| 12.04 13:32:25,817|*******
'clientNode2@lab26.cpt.haw-hamburg.de'-<0.370.0>-C-3-06:2328te Nachricht.C Out:12.04 13:32:24,838| 12.04 13:32:24,839|*******
Fehlernachricht fuer Nachrichtennummern 2329 bis 2330*******
'clientNode@lab26.cpt.haw-hamburg.de'-<0.9117.0>-C-3-06:2331te Nachricht.C Out:12.04 13:32:25,009| 12.04 13:32:25,009|*******
'clientNode@lab26.cpt.haw-hamburg.de'-<0.9126.0>-C-3-06:2332te Nachricht.C Out:12.04 13:32:25,010| 12.04 13:32:25,010|*******
Fehlernachricht fuer Nachrichtennummern 2333 bis 2339*******
10-clientserver@lab22.cpt.haw-hamburg.de<0.22057.0>-C-1-5: 2340te_Nachricht. C Out: 12.04 13:32:23,308|(2340) 12.04 13:32:26,309|*******
3-clientserver@lab22.cpt.haw-hamburg.de<0.22050.0>-C-1-5: 2341te_Nachricht. C Out: 12.04 13:32:23,311|(2341) 12.04 13:32:26,312|*******
0-clientserver@lab22.cpt.haw-hamburg.de<0.22046.0>-C-1-5: 2342te_Nachricht. C Out: 12.04 13:32:23,312|(2342) 12.04 13:32:26,313|*******
1-clientserver@lab22.cpt.haw-hamburg.de<0.22047.0>-C-1-5: 2343te_Nachricht. C Out: 12.04 13:32:23,312|(2343) 12.04 13:32:26,313|*******
11-clientserver@lab22.cpt.haw-hamburg.de<0.22058.0>-C-1-5: 2344te_Nachricht. C Out: 12.04 13:32:23,312|(2344) 12.04 13:32:26,313|*******
4-clientserver@lab22.cpt.haw-hamburg.de<0.22051.0>-C-1-5: 2345te_Nachricht. C Out: 12.04 13:32:23,313|(2345) 12.04 13:32:26,314|*******
7-clientserver@lab22.cpt.haw-hamburg.de<0.22054.0>-C-1-5: 2346te_Nachricht. C Out: 12.04 13:32:23,314|(2346) 12.04 13:32:26,315|*******
15-clientserver@lab22.cpt.haw-hamburg.de<0.22062.0>-C-1-5: 2347te_Nachricht. C Out: 12.04 13:32:23,314|(2347) 12.04 13:32:26,316|*******
18-clientserver@lab22.cpt.haw-hamburg.de<0.22065.0>-C-1-5: 2348te_Nachricht. C Out: 12.04 13:32:23,318|(2348) 12.04 13:32:26,320|*******
'clientNode2@lab26.cpt.haw-hamburg.de'-<0.376.0>-C-3-06:2349te Nachricht.C Out:12.04 13:32:26,809| 12.04 13:32:26,815|*******
'clientNode2@lab26.cpt.haw-hamburg.de'-<0.395.0>-C-3-06:2350te Nachricht.C Out:12.04 13:32:25,829| 12.04 13:32:25,830|*******
lab29-1-1: message_number_2666. Sent time: 12.04 13:32:26,835| was sent
lab29-1-1: message_number_2768. Sent time: 12.04 13:32:30,838| was sent
lab29-1-1: message_number_2836. Sent time: 12.04 13:32:34,845| was sent
lab29-1-1: message_number_2934. Sent time: 12.04 13:32:38,847| was sent
lab29-1-1: message_number_3022. Sent time: 12.04 13:32:42,849| was sent
EDITOR>>> message number 3096 forgotten to send
'clientNode2@lab26.cpt.haw-hamburg.de'-<0.387.0>-C-3-06:2970te Nachricht.C Out:12.04 13:32:45,825| 12.04 13:32:45,826|*******
'clientNode@lab26.cpt.haw-hamburg.de'-<0.9109.0>-C-3-06:2974te Nachricht.C Out:12.04 13:32:44,043| 12.04 13:32:44,043|*******
'clientNode@lab26.cpt.haw-hamburg.de'-<0.9106.0>-C-3-06:2975te Nachricht.C Out:12.04 13:32:44,043| 12.04 13:32:44,044|*******
'clientNode@lab26.cpt.haw-hamburg.de'-<0.9126.0>-C-3-06:2976te Nachricht.C Out:12.04 13:32:43,050| 12.04 13:32:43,050|*******
4-clientserver@lab22.cpt.haw-hamburg.de<0.22051.0>-C-1-5: 2977te_Nachricht. C Out: 12.04 13:32:41,365|(2977) 12.04 13:32:44,367|*******
5-clientserver@lab22.cpt.haw-hamburg.de<0.22052.0>-C-1-5: 2978te_Nachricht. C Out: 12.04 13:32:41,388|(2978) 12.04 13:32:44,389|*******
12-clientserver@lab22.cpt.haw-hamburg.de<0.22059.0>-C-1-5: 2979te_Nachricht. C Out: 12.04 13:32:41,394|(2979) 12.04 13:32:44,395|*******
13-clientserver@lab22.cpt.haw-hamburg.de<0.22060.0>-C-1-5: 2980te_Nachricht. C Out: 12.04 13:32:41,394|(2980) 12.04 13:32:44,396|*******
'clientNode2@lab26.cpt.haw-hamburg.de'-<0.376.0>-C-3-06:2981te Nachricht.C Out:12.04 13:32:43,846| 12.04 13:32:43,847|*******
'clientNode2@lab26.cpt.haw-hamburg.de'-<0.379.0>-C-3-06:2982te Nachricht.C Out:12.04 13:32:43,861| 12.04 13:32:43,862|*******
'clientNode@lab26.cpt.haw-hamburg.de'-<0.9103.0>-C-3-06:2983te Nachricht.C Out:12.04 13:32:44,918| 12.04 13:32:44,918|*******
'clientNode@lab26.cpt.haw-hamburg.de'-<0.9112.0>-C-3-06:2984te Nachricht.C Out:12.04 13:32:44,918| 12.04 13:32:44,919|*******
Fehlernachricht fuer Nachrichtennummern 2985 bis 2994*******
'clientNode@lab26.cpt.haw-hamburg.de'-<0.9128.0>-C-3-06:2995te Nachricht.C Out:12.04 13:32:44,007| 12.04 13:32:44,008|*******
'clientNode@lab26.cpt.haw-hamburg.de'-<0.9117.0>-C-3-06:2996te Nachricht.C Out:12.04 13:32:45,047| 12.04 13:32:45,047|*******
'clientNode@lab26.cpt.haw-hamburg.de'-<0.9123.0>-C-3-06:2997te Nachricht.C Out:12.04 13:32:44,048| 12.04 13:32:44,048|*******
10-clientserver@lab22.cpt.haw-hamburg.de<0.22057.0>-C-1-5: 2998te_Nachricht. C Out: 12.04 13:32:42,339|(2998) 12.04 13:32:44,340|*******
7-clientserver@lab22.cpt.haw-hamburg.de<0.22054.0>-C-1-5: 2999te_Nachricht. C Out: 12.04 13:32:42,364|(2999) 12.04 13:32:44,366|*******
19-clientserver@lab22.cpt.haw-hamburg.de<0.22066.0>-C-1-5: 3000te_Nachricht. C Out: 12.04 13:32:42,369|(3000) 12.04 13:32:44,371|*******
Fehlernachricht fuer Nachrichtennummern 3001 bis 3010*******
9-clientserver@lab22.cpt.haw-hamburg.de<0.22056.0>-C-1-5: 3011te_Nachricht. C Out: 12.04 13:32:42,729|(3011) 12.04 13:32:44,730|*******
'clientNode2@lab26.cpt.haw-hamburg.de'-<0.382.0>-C-3-06:3012te Nachricht.C Out:12.04 13:32:45,802| 12.04 13:32:45,803|*******
lab29-1-1: message_number_3013. Sent time: 12.04 13:32:42,842| 12.04 13:32:46,844|*******
lab29-1-1: message_number_3014. Sent time: 12.04 13:32:42,843| 12.04 13:32:46,845|*******
lab29-1-1: message_number_3015. Sent time: 12.04 13:32:42,843| 12.04 13:32:46,845|*******
lab29-1-1: message_number_3016. Sent time: 12.04 13:32:42,844| 12.04 13:32:46,846|*******
lab29-1-1: message_number_3017. Sent time: 12.04 13:32:42,845| 12.04 13:32:46,847|*******
lab29-1-1: message_number_3018. Sent time: 12.04 13:32:42,847| 12.04 13:32:46,850|*******
lab29-1-1: message_number_3019. Sent time: 12.04 13:32:42,847| 12.04 13:32:46,851|*******
lab29-1-1: message_number_3020. Sent time: 12.04 13:32:42,848| 12.04 13:32:46,852|*******
lab29-1-1: message_number_3021. Sent time: 12.04 13:32:42,849| 12.04 13:32:46,853|*******
lab29-1-1: message_number_3022. Sent time: 12.04 13:32:42,849| 12.04 13:32:46,854|*******
lab29-1-1: message_number_3023. Sent time: 12.04 13:32:42,850| 12.04 13:32:46,856|*******
lab29-1-1: message_number_3024. Sent time: 12.04 13:32:42,850| 12.04 13:32:46,856|*******
lab29-1-1: message_number_3025. Sent time: 12.04 13:32:42,852| 12.04 13:32:46,857|*******
lab29-1-1: message_number_3026. Sent time: 12.04 13:32:42,852| 12.04 13:32:46,858|*******
lab29-1-1: message_number_3027. Sent time: 12.04 13:32:42,852| 12.04 13:32:46,859|*******
lab29-1-1: message_number_3028. Sent time: 12.04 13:32:42,853| 12.04 13:32:46,860|*******
lab29-1-1: message_number_3029. Sent time: 12.04 13:32:42,853| 12.04 13:32:46,860|*******
lab29-1-1: message_number_3030. Sent time: 12.04 13:32:42,854| 12.04 13:32:46,862|*******
lab29-1-1: message_number_3031. Sent time: 12.04 13:32:42,855| 12.04 13:32:46,862|*******
lab29-1-1: message_number_3032. Sent time: 12.04 13:32:42,855| 12.04 13:32:46,863|*******
'clientNode2@lab26.cpt.haw-hamburg.de'-<0.370.0>-C-3-06:3033te Nachricht.C Out:12.04 13:32:45,865| 12.04 13:32:45,866|*******
lab29-1-1: message_number_3127. Sent time: 12.04 13:32:47,121| was sent
lab29-1-1: message_number_3197. Sent time: 12.04 13:32:49,126| was sent
lab29-1-1: message_number_3248. Sent time: 12.04 13:32:51,128| was sent
lab29-1-1: message_number_3311. Sent time: 12.04 13:32:53,130| was sent
lab29-1-1: message_number_3577. Sent time: 12.04 13:32:55,133| was sent
EDITOR>>> message number 3659 forgotten to send
lab29-1-1: message_number_3311. Sent time: 12.04 13:32:53,130| 12.04 13:32:55,132|*******
lab29-1-1: message_number_3312. Sent time: 12.04 13:32:53,130| 12.04 13:32:55,132|*******
lab29-1-1: message_number_3313. Sent time: 12.04 13:32:53,131| 12.04 13:32:55,133|*******
lab29-1-1: message_number_3314. Sent time: 12.04 13:32:53,131| 12.04 13:32:55,134|*******
lab29-1-1: message_number_3315. Sent time: 12.04 13:32:53,131| 12.04 13:32:55,134|*******
lab29-1-1: message_number_3316. Sent time: 12.04 13:32:53,132| 12.04 13:32:55,133|*******
lab29-1-1: message_number_3317. Sent time: 12.04 13:32:53,132| 12.04 13:32:55,133|*******
Fehlernachricht fuer Nachrichtennummern 3297 bis 3322*******
10-clientserver@lab22.cpt.haw-hamburg.de<0.22057.0>-C-1-5: 3323te_Nachricht. C Out: 12.04 13:32:53,348|(3323) 12.04 13:32:56,350|*******
4-clientserver@lab22.cpt.haw-hamburg.de<0.22051.0>-C-1-5: 3324te_Nachricht. C Out: 12.04 13:32:53,370|(3324) 12.04 13:32:56,371|*******
14-clientserver@lab22.cpt.haw-hamburg.de<0.22061.0>-C-1-5: 3325te_Nachricht. C Out: 12.04 13:32:53,635|(3325) 12.04 13:32:57,012|*******
16-clientserver@lab22.cpt.haw-hamburg.de<0.22063.0>-C-1-5: 3326te_Nachricht. C Out: 12.04 13:32:53,636|(3326) 12.04 13:32:57,012|*******
6-clientserver@lab22.cpt.haw-hamburg.de<0.22053.0>-C-1-5: 3327te_Nachricht. C Out: 12.04 13:32:53,636|(3327) 12.04 13:32:57,013|*******
'clientNode2@lab26.cpt.haw-hamburg.de'-<0.382.0>-C-3-06:3328te Nachricht.C Out:12.04 13:32:55,829| 12.04 13:32:55,830|*******
'clientNode2@lab26.cpt.haw-hamburg.de'-<0.379.0>-C-3-06:3329te Nachricht.C Out:12.04 13:32:55,892| 12.04 13:32:55,893|*******
'clientNode2@lab26.cpt.haw-hamburg.de'-<0.370.0>-C-3-06:3330te Nachricht.C Out:12.04 13:32:55,892| 12.04 13:32:55,893|*******
Fehlernachricht fuer Nachrichtennummern 3331 bis 3380*******
'clientNode@lab26.cpt.haw-hamburg.de'-<0.9128.0>-C-3-06:3381te Nachricht.C Out:12.04 13:32:57,030| 12.04 13:32:57,030|*******
'clientNode@lab26.cpt.haw-hamburg.de'-<0.9123.0>-C-3-06:3382te Nachricht.C Out:12.04 13:32:57,075| 12.04 13:32:57,075|*******
Fehlernachricht fuer Nachrichtennummern 3383 bis 3422*******
7-profB@lab31.cpt.haw-hamburg.de-<0.13169.0>-KLC: 3423te_Nachricht. C Out: 12.04 13:32:57,082| 12.04 13:32:57,083|*******
5-profB@lab31.cpt.haw-hamburg.de-<0.13167.0>-KLC: 3424te_Nachricht. C Out: 12.04 13:32:57,082| 12.04 13:32:57,083|*******
2-profB@lab31.cpt.haw-hamburg.de-<0.13164.0>-KLC: 3425te_Nachricht. C Out: 12.04 13:32:57,082| 12.04 13:32:57,083|*******
0-profB@lab31.cpt.haw-hamburg.de-<0.13162.0>-KLC: 3426te_Nachricht. C Out: 12.04 13:32:57,082| 12.04 13:32:57,084|*******
Fehlernachricht fuer Nachrichtennummern 3427 bis 3428*******
9-profB@lab31.cpt.haw-hamburg.de-<0.13171.0>-KLC: 3429te_Nachricht. C Out: 12.04 13:32:57,082| 12.04 13:32:57,084|*******
Fehlernachricht fuer Nachrichtennummern 3430 bis 3432*******
6-profB@lab31.cpt.haw-hamburg.de-<0.13168.0>-KLC: 3433te_Nachricht. C Out: 12.04 13:32:57,082| 12.04 13:32:57,084|*******
Fehlernachricht fuer Nachrichtennummern 3434 bis 3438*******
4-profB@lab31.cpt.haw-hamburg.de-<0.13166.0>-KLC: 3439te_Nachricht. C Out: 12.04 13:32:57,083| 12.04 13:32:57,085|*******
1-profB@lab31.cpt.haw-hamburg.de-<0.13163.0>-KLC: 3440te_Nachricht. C Out: 12.04 13:32:57,083| 12.04 13:32:57,085|*******
3-profB@lab31.cpt.haw-hamburg.de-<0.13165.0>-KLC: 3441te_Nachricht. C Out: 12.04 13:32:57,083| 12.04 13:32:57,085|*******
8-profB@lab31.cpt.haw-hamburg.de-<0.13170.0>-KLC: 3442te_Nachricht. C Out: 12.04 13:32:57,083| 12.04 13:32:57,086|*******
7-clientserver@lab22.cpt.haw-hamburg.de<0.22054.0>-C-1-5: 3443te_Nachricht. C Out: 12.04 13:32:54,382|(3443) 12.04 13:32:56,384|*******
19-clientserver@lab22.cpt.haw-hamburg.de<0.22066.0>-C-1-5: 3444te_Nachricht. C Out: 12.04 13:32:54,391|(3444) 12.04 13:32:56,392|*******
13-clientserver@lab22.cpt.haw-hamburg.de<0.22060.0>-C-1-5: 3445te_Nachricht. C Out: 12.04 13:32:54,412|(3445) 12.04 13:32:56,413|*******
lab29-1-1: message_number_3675. Sent time: 12.04 13:32:57,342| was sent
lab29-1-1: message_number_3747. Sent time: 12.04 13:32:59,344| was sent
lab29-1-1: message_number_3822. Sent time: 12.04 13:33:01,348| was sent
lab29-1-1: message_number_3895. Sent time: 12.04 13:33:03,350| was sent
lab29-1-1: message_number_3972. Sent time: 12.04 13:33:05,353| was sent
EDITOR>>> message number 4040 forgotten to send
lab29-1-1: message_number_3888. Sent time: 12.04 13:33:03,346| 12.04 13:33:05,348|*******
lab29-1-1: message_number_3896. Sent time: 12.04 13:33:03,350| 12.04 13:33:05,352|*******
lab29-1-1: message_number_3897. Sent time: 12.04 13:33:03,351| 12.04 13:33:05,353|*******
lab29-1-1: message_number_3898. Sent time: 12.04 13:33:03,351| 12.04 13:33:05,353|*******
lab29-1-1: message_number_3899. Sent time: 12.04 13:33:03,351| 12.04 13:33:05,354|*******
lab29-1-1: message_number_3900. Sent time: 12.04 13:33:03,352| 12.04 13:33:05,354|*******
lab29-1-1: message_number_3901. Sent time: 12.04 13:33:03,352| 12.04 13:33:05,355|*******
lab29-1-1: message_number_3902. Sent time: 12.04 13:33:03,352| 12.04 13:33:05,355|*******
lab29-1-1: message_number_3903. Sent time: 12.04 13:33:03,353| 12.04 13:33:05,356|*******
lab29-1-1: message_number_3904. Sent time: 12.04 13:33:03,353| 12.04 13:33:05,356|*******
lab29-1-1: message_number_3905. Sent time: 12.04 13:33:03,353| 12.04 13:33:05,356|*******
lab29-1-1: message_number_3906. Sent time: 12.04 13:33:03,353| 12.04 13:33:05,357|*******
lab29-1-1: message_number_3907. Sent time: 12.04 13:33:03,354| 12.04 13:33:05,357|*******
Fehlernachricht fuer Nachrichtennummern 3782 bis 3910*******
3-profA@lab31.cpt.haw-hamburg.de-<0.11489.0>-KLC: 3911te_Nachricht. C Out: 12.04 13:33:06,747| 12.04 13:33:06,747|*******
5-profA@lab31.cpt.haw-hamburg.de-<0.11491.0>-KLC: 3912te_Nachricht. C Out: 12.04 13:33:06,747| 12.04 13:33:06,748|*******
8-profA@lab31.cpt.haw-hamburg.de-<0.11494.0>-KLC: 3913te_Nachricht. C Out: 12.04 13:33:06,747| 12.04 13:33:06,749|*******
1-profA@lab31.cpt.haw-hamburg.de-<0.11487.0>-KLC: 3914te_Nachricht. C Out: 12.04 13:33:06,747| 12.04 13:33:06,749|*******
0-profA@lab31.cpt.haw-hamburg.de-<0.11486.0>-KLC: 3915te_Nachricht. C Out: 12.04 13:33:06,747| 12.04 13:33:06,750|*******
7-profA@lab31.cpt.haw-hamburg.de-<0.11493.0>-KLC: 3916te_Nachricht. C Out: 12.04 13:33:06,748| 12.04 13:33:06,750|*******
6-profA@lab31.cpt.haw-hamburg.de-<0.11492.0>-KLC: 3917te_Nachricht. C Out: 12.04 13:33:06,748| 12.04 13:33:06,751|*******
4-profA@lab31.cpt.haw-hamburg.de-<0.11490.0>-KLC: 3918te_Nachricht. C Out: 12.04 13:33:06,749| 12.04 13:33:06,751|*******
9-profA@lab31.cpt.haw-hamburg.de-<0.11495.0>-KLC: 3919te_Nachricht. C Out: 12.04 13:33:06,749| 12.04 13:33:06,752|*******
2-profA@lab31.cpt.haw-hamburg.de-<0.11488.0>-KLC: 3920te_Nachricht. C Out: 12.04 13:33:06,749| 12.04 13:33:06,752|*******
9-clientserver@lab22.cpt.haw-hamburg.de<0.22056.0>-C-1-5: 3921te_Nachricht. C Out: 12.04 13:33:03,779|(3921) 12.04 13:33:06,780|*******
'clientNode2@lab26.cpt.haw-hamburg.de'-<0.382.0>-C-3-06:3922te Nachricht.C Out:12.04 13:33:05,852| 12.04 13:33:05,853|*******
'clientNode2@lab26.cpt.haw-hamburg.de'-<0.387.0>-C-3-06:3923te Nachricht.C Out:12.04 13:33:06,886| 12.04 13:33:06,887|*******
Fehlernachricht fuer Nachrichtennummern 3924 bis 3925*******
'clientNode2@lab26.cpt.haw-hamburg.de'-<0.370.0>-C-3-06:3926te Nachricht.C Out:12.04 13:33:05,920| 12.04 13:33:05,921|*******
'clientNode2@lab26.cpt.haw-hamburg.de'-<0.395.0>-C-3-06:3927te Nachricht.C Out:12.04 13:33:06,927| 12.04 13:33:06,928|*******
'clientNode@lab26.cpt.haw-hamburg.de'-<0.9115.0>-C-3-06:3928te Nachricht.C Out:12.04 13:33:06,977| 12.04 13:33:06,978|*******
Fehlernachricht fuer Nachrichtennummern 3929 bis 3929*******
4-clientserver@lab22.cpt.haw-hamburg.de<0.22051.0>-C-1-5: 3930te_Nachricht. C Out: 12.04 13:33:04,392|(3930) 12.04 13:33:06,394|*******
7-clientserver@lab22.cpt.haw-hamburg.de<0.22054.0>-C-1-5: 3931te_Nachricht. C Out: 12.04 13:33:04,406|(3931) 12.04 13:33:06,407|*******
19-clientserver@lab22.cpt.haw-hamburg.de<0.22066.0>-C-1-5: 3932te_Nachricht. C Out: 12.04 13:33:04,410|(3932) 12.04 13:33:06,411|*******
Fehlernachricht fuer Nachrichtennummern 3933 bis 3952*******
lab29-1-1: message_number_4083. Sent time: 12.04 13:33:07,650| was sent
lab29-1-1: message_number_4256. Sent time: 12.04 13:33:09,652| was sent
lab29-1-1: message_number_4424. Sent time: 12.04 13:33:11,653| was sent
lab29-1-1: message_number_4505. Sent time: 12.04 13:33:13,656| was sent
lab29-1-1: message_number_4570. Sent time: 12.04 13:33:15,658| was sent
EDITOR>>> message number 4647 forgotten to send
'clientNode2@lab26.cpt.haw-hamburg.de'-<0.376.0>-C-3-06:4464te Nachricht.C Out:12.04 13:33:16,900| 12.04 13:33:16,901|*******
lab29-1-1: message_number_4517. Sent time: 12.04 13:33:13,659| 12.04 13:33:15,661|*******
Fehlernachricht fuer Nachrichtennummern 4498 bis 4533*******
2-clientserver@lab22.cpt.haw-hamburg.de<0.22048.0>-C-1-5: 4534te_Nachricht. C Out: 12.04 13:33:13,845|(4534) 12.04 13:33:17,221|*******
8-clientserver@lab22.cpt.haw-hamburg.de<0.22055.0>-C-1-5: 4535te_Nachricht. C Out: 12.04 13:33:13,846|(4535) 12.04 13:33:17,222|*******
Fehlernachricht fuer Nachrichtennummern 4536 bis 4545*******
'clientNode2@lab26.cpt.haw-hamburg.de'-<0.373.0>-C-3-06:4546te Nachricht.C Out:12.04 13:33:16,910| 12.04 13:33:16,911|*******
'clientNode2@lab26.cpt.haw-hamburg.de'-<0.370.0>-C-3-06:4547te Nachricht.C Out:12.04 13:33:15,939| 12.04 13:33:15,940|*******
'clientNode@lab26.cpt.haw-hamburg.de'-<0.9117.0>-C-3-06:4548te Nachricht.C Out:12.04 13:33:16,085| 12.04 13:33:16,085|*******
Fehlernachricht fuer Nachrichtennummern 4549 bis 4549*******
4-clientserver@lab22.cpt.haw-hamburg.de<0.22051.0>-C-1-5: 4550te_Nachricht. C Out: 12.04 13:33:14,416|(4550) 12.04 13:33:16,417|*******
19-clientserver@lab22.cpt.haw-hamburg.de<0.22066.0>-C-1-5: 4551te_Nachricht. C Out: 12.04 13:33:14,432|(4551) 12.04 13:33:16,433|*******
13-clientserver@lab22.cpt.haw-hamburg.de<0.22060.0>-C-1-5: 4552te_Nachricht. C Out: 12.04 13:33:14,439|(4552) 12.04 13:33:17,440|*******
Fehlernachricht fuer Nachrichtennummern 4553 bis 4553*******
15-clientserver@lab22.cpt.haw-hamburg.de<0.22062.0>-C-1-5: 4554te_Nachricht. C Out: 12.04 13:33:14,887|(4554) 12.04 13:33:16,888|*******
'clientNode2@lab26.cpt.haw-hamburg.de'-<0.379.0>-C-3-06:4555te Nachricht.C Out:12.04 13:33:16,937| 12.04 13:33:16,938|*******
'clientNode@lab26.cpt.haw-hamburg.de'-<0.9103.0>-C-3-06:4556te Nachricht.C Out:12.04 13:33:16,977| 12.04 13:33:16,977|*******
'clientNode@lab26.cpt.haw-hamburg.de'-<0.9112.0>-C-3-06:4557te Nachricht.C Out:12.04 13:33:16,977| 12.04 13:33:16,977|*******
14-clientserver@lab22.cpt.haw-hamburg.de<0.22061.0>-C-1-5: 4558te_Nachricht. C Out: 12.04 13:33:15,072|(4558) 12.04 13:33:17,073|*******
Fehlernachricht fuer Nachrichtennummern 4559 bis 4560*******
'clientNode@lab26.cpt.haw-hamburg.de'-<0.9109.0>-C-3-06:4561te Nachricht.C Out:12.04 13:33:17,143| 12.04 13:33:17,143|*******
lab29-1-1: message_number_4562. Sent time: 12.04 13:33:15,654| 12.04 13:33:17,656|*******
lab29-1-1: message_number_4563. Sent time: 12.04 13:33:15,656| 12.04 13:33:17,657|*******
lab29-1-1: message_number_4564. Sent time: 12.04 13:33:15,656| 12.04 13:33:17,659|*******
lab29-1-1: message_number_4565. Sent time: 12.04 13:33:15,656| 12.04 13:33:17,659|*******
lab29-1-1: message_number_4566. Sent time: 12.04 13:33:15,656| 12.04 13:33:17,658|*******
lab29-1-1: message_number_4567. Sent time: 12.04 13:33:15,657| 12.04 13:33:17,658|*******
lab29-1-1: message_number_4683. Sent time: 12.04 13:33:17,878| was sent
