client_80clients@lab29.cpt.haw-hamburg.de-<0.116.0>- Start: 12.04 13:06:35,324|
lab29-1-1: message_number_80. Sent time: 12.04 13:06:35,324| was sent
lab29-1-1: message_number_140. Sent time: 12.04 13:06:37,326| was sent
lab29-1-1: message_number_210. Sent time: 12.04 13:06:39,329| was sent
lab29-1-1: message_number_289. Sent time: 12.04 13:06:41,332| was sent
lab29-1-1: message_number_359. Sent time: 12.04 13:06:43,334| was sent
EDITOR>>> message number 429 forgotten to send
10-clientserver@lab22.cpt.haw-hamburg.de<0.18423.0>-C-1-5: 261te_Nachricht. C Out: 12.04 13:06:41,165|(261) HBQ In: 12.04 13:06:44,166| DLQ In: 12.04 13:06:44,166|DLQ Out: 12.04 13:06:45,340|*******
11-clientserver@lab22.cpt.haw-hamburg.de<0.18424.0>-C-1-5: 262te_Nachricht. C Out: 12.04 13:06:41,165|(262) HBQ In: 12.04 13:06:44,167| DLQ In: 12.04 13:06:44,167|DLQ Out: 12.04 13:06:45,346|*******
12-clientserver@lab22.cpt.haw-hamburg.de<0.18425.0>-C-1-5: 263te_Nachricht. C Out: 12.04 13:06:41,165|(263) HBQ In: 12.04 13:06:44,168| DLQ In: 12.04 13:06:44,168|DLQ Out: 12.04 13:06:45,352|*******
13-clientserver@lab22.cpt.haw-hamburg.de<0.18426.0>-C-1-5: 264te_Nachricht. C Out: 12.04 13:06:41,165|(264) HBQ In: 12.04 13:06:44,167| DLQ In: 12.04 13:06:44,168|DLQ Out: 12.04 13:06:45,358|*******
15-clientserver@lab22.cpt.haw-hamburg.de<0.18428.0>-C-1-5: 265te_Nachricht. C Out: 12.04 13:06:41,165|(265) HBQ In: 12.04 13:06:44,167| DLQ In: 12.04 13:06:44,168|DLQ Out: 12.04 13:06:45,364|*******
14-clientserver@lab22.cpt.haw-hamburg.de<0.18427.0>-C-1-5: 266te_Nachricht. C Out: 12.04 13:06:41,166|(266) HBQ In: 12.04 13:06:44,168| DLQ In: 12.04 13:06:44,168|DLQ Out: 12.04 13:06:45,370|*******
17-clientserver@lab22.cpt.haw-hamburg.de<0.18430.0>-C-1-5: 267te_Nachricht. C Out: 12.04 13:06:41,166|(267) HBQ In: 12.04 13:06:44,167| DLQ In: 12.04 13:06:44,168|DLQ Out: 12.04 13:06:45,376|*******
19-clientserver@lab22.cpt.haw-hamburg.de<0.18432.0>-C-1-5: 268te_Nachricht. C Out: 12.04 13:06:41,166|(268) HBQ In: 12.04 13:06:44,167| DLQ In: 12.04 13:06:44,168|DLQ Out: 12.04 13:06:45,382|*******
16-clientserver@lab22.cpt.haw-hamburg.de<0.18429.0>-C-1-5: 269te_Nachricht. C Out: 12.04 13:06:41,166|(269) HBQ In: 12.04 13:06:44,168| DLQ In: 12.04 13:06:44,168|DLQ Out: 12.04 13:06:45,388|*******
18-clientserver@lab22.cpt.haw-hamburg.de<0.18431.0>-C-1-5: 270te_Nachricht. C Out: 12.04 13:06:41,166|(270) HBQ In: 12.04 13:06:44,168| DLQ In: 12.04 13:06:44,168|DLQ Out: 12.04 13:06:45,393|*******
lab29-1-1: message_number_271. Sent time: 12.04 13:06:41,318| HBQ In: 12.04 13:06:43,318| DLQ In: 12.04 13:06:44,168|DLQ Out: 12.04 13:06:45,399|*******
lab29-1-1: message_number_272. Sent time: 12.04 13:06:41,320| HBQ In: 12.04 13:06:43,321| DLQ In: 12.04 13:06:44,168|DLQ Out: 12.04 13:06:45,404|*******
lab29-1-1: message_number_273. Sent time: 12.04 13:06:41,320| HBQ In: 12.04 13:06:43,321| DLQ In: 12.04 13:06:44,168|DLQ Out: 12.04 13:06:45,410|*******
lab29-1-1: message_number_274. Sent time: 12.04 13:06:41,321| HBQ In: 12.04 13:06:43,322| DLQ In: 12.04 13:06:44,168|DLQ Out: 12.04 13:06:45,415|*******
lab29-1-1: message_number_275. Sent time: 12.04 13:06:41,322| HBQ In: 12.04 13:06:43,323| DLQ In: 12.04 13:06:44,168|DLQ Out: 12.04 13:06:45,421|*******
lab29-1-1: message_number_276. Sent time: 12.04 13:06:41,322| HBQ In: 12.04 13:06:43,323| DLQ In: 12.04 13:06:44,168|DLQ Out: 12.04 13:06:45,427|*******
lab29-1-1: message_number_277. Sent time: 12.04 13:06:41,323| HBQ In: 12.04 13:06:43,324| DLQ In: 12.04 13:06:44,168|DLQ Out: 12.04 13:06:45,432|*******
lab29-1-1: message_number_278. Sent time: 12.04 13:06:41,323| HBQ In: 12.04 13:06:43,325| DLQ In: 12.04 13:06:44,168|DLQ Out: 12.04 13:06:45,438|*******
lab29-1-1: message_number_279. Sent time: 12.04 13:06:41,324| HBQ In: 12.04 13:06:43,324| DLQ In: 12.04 13:06:44,168|DLQ Out: 12.04 13:06:45,444|*******
lab29-1-1: message_number_280. Sent time: 12.04 13:06:41,329| HBQ In: 12.04 13:06:43,330| DLQ In: 12.04 13:06:44,168|DLQ Out: 12.04 13:06:45,449|*******
lab29-1-1: message_number_281. Sent time: 12.04 13:06:41,329| HBQ In: 12.04 13:06:43,329| DLQ In: 12.04 13:06:44,168|DLQ Out: 12.04 13:06:45,454|*******
lab29-1-1: message_number_282. Sent time: 12.04 13:06:41,329| HBQ In: 12.04 13:06:43,330| DLQ In: 12.04 13:06:44,168|DLQ Out: 12.04 13:06:45,460|*******
lab29-1-1: message_number_283. Sent time: 12.04 13:06:41,329| HBQ In: 12.04 13:06:43,331| DLQ In: 12.04 13:06:44,168|DLQ Out: 12.04 13:06:45,465|*******
lab29-1-1: message_number_284. Sent time: 12.04 13:06:41,330| HBQ In: 12.04 13:06:43,331| DLQ In: 12.04 13:06:44,168|DLQ Out: 12.04 13:06:45,470|*******
lab29-1-1: message_number_285. Sent time: 12.04 13:06:41,331| HBQ In: 12.04 13:06:43,331| DLQ In: 12.04 13:06:44,168|DLQ Out: 12.04 13:06:45,475|*******
lab29-1-1: message_number_286. Sent time: 12.04 13:06:41,331| HBQ In: 12.04 13:06:43,332| DLQ In: 12.04 13:06:44,169|DLQ Out: 12.04 13:06:45,480|*******
lab29-1-1: message_number_287. Sent time: 12.04 13:06:41,331| HBQ In: 12.04 13:06:43,332| DLQ In: 12.04 13:06:44,169|DLQ Out: 12.04 13:06:45,485|*******
lab29-1-1: message_number_288. Sent time: 12.04 13:06:41,331| HBQ In: 12.04 13:06:43,333| DLQ In: 12.04 13:06:44,169|DLQ Out: 12.04 13:06:45,491|*******
lab29-1-1: message_number_289. Sent time: 12.04 13:06:41,332| HBQ In: 12.04 13:06:43,333| DLQ In: 12.04 13:06:44,169|DLQ Out: 12.04 13:06:45,496|*******
lab29-1-1: message_number_290. Sent time: 12.04 13:06:41,332| HBQ In: 12.04 13:06:43,333| DLQ In: 12.04 13:06:44,169|DLQ Out: 12.04 13:06:45,501|*******
1-profB@lab31.cpt.haw-hamburg.de-<0.11057.0>-KLC: 291te_Nachricht. C Out: 12.04 13:06:44,486| HBQ In: 12.04 13:06:44,487| DLQ In: 12.04 13:06:44,487|DLQ Out: 12.04 13:06:45,506|*******
6-profB@lab31.cpt.haw-hamburg.de-<0.11062.0>-KLC: 292te_Nachricht. C Out: 12.04 13:06:44,486| HBQ In: 12.04 13:06:44,487| DLQ In: 12.04 13:06:44,487|DLQ Out: 12.04 13:06:45,511|*******
3-profB@lab31.cpt.haw-hamburg.de-<0.11059.0>-KLC: 293te_Nachricht. C Out: 12.04 13:06:44,487| HBQ In: 12.04 13:06:44,488| DLQ In: 12.04 13:06:44,488|DLQ Out: 12.04 13:06:45,516|*******
4-profB@lab31.cpt.haw-hamburg.de-<0.11060.0>-KLC: 294te_Nachricht. C Out: 12.04 13:06:44,487| HBQ In: 12.04 13:06:44,488| DLQ In: 12.04 13:06:44,488|DLQ Out: 12.04 13:06:45,521|*******
5-profB@lab31.cpt.haw-hamburg.de-<0.11061.0>-KLC: 295te_Nachricht. C Out: 12.04 13:06:44,487| HBQ In: 12.04 13:06:44,488| DLQ In: 12.04 13:06:44,488|DLQ Out: 12.04 13:06:45,526|*******
0-profB@lab31.cpt.haw-hamburg.de-<0.11056.0>-KLC: 296te_Nachricht. C Out: 12.04 13:06:44,487| HBQ In: 12.04 13:06:44,488| DLQ In: 12.04 13:06:44,488|DLQ Out: 12.04 13:06:45,531|*******
9-profB@lab31.cpt.haw-hamburg.de-<0.11065.0>-KLC: 297te_Nachricht. C Out: 12.04 13:06:44,487| HBQ In: 12.04 13:06:44,488| DLQ In: 12.04 13:06:44,488|DLQ Out: 12.04 13:06:45,535|*******
2-profB@lab31.cpt.haw-hamburg.de-<0.11058.0>-KLC: 298te_Nachricht. C Out: 12.04 13:06:44,487| HBQ In: 12.04 13:06:44,488| DLQ In: 12.04 13:06:44,488|DLQ Out: 12.04 13:06:45,540|*******
7-profB@lab31.cpt.haw-hamburg.de-<0.11063.0>-KLC: 299te_Nachricht. C Out: 12.04 13:06:44,487| HBQ In: 12.04 13:06:44,488| DLQ In: 12.04 13:06:44,488|DLQ Out: 12.04 13:06:45,545|*******
8-profB@lab31.cpt.haw-hamburg.de-<0.11064.0>-KLC: 300te_Nachricht. C Out: 12.04 13:06:44,488| HBQ In: 12.04 13:06:44,489| DLQ In: 12.04 13:06:44,489|DLQ Out: 12.04 13:06:45,550|*******
4-profA@lab31.cpt.haw-hamburg.de-<0.9773.0>-KLC: 301te_Nachricht. C Out: 12.04 13:06:44,738| HBQ In: 12.04 13:06:44,738| DLQ In: 12.04 13:06:44,739|DLQ Out: 12.04 13:06:45,555|*******
1-profA@lab31.cpt.haw-hamburg.de-<0.9770.0>-KLC: 302te_Nachricht. C Out: 12.04 13:06:44,738| HBQ In: 12.04 13:06:44,739| DLQ In: 12.04 13:06:44,739|DLQ Out: 12.04 13:06:45,560|*******
6-profA@lab31.cpt.haw-hamburg.de-<0.9775.0>-KLC: 303te_Nachricht. C Out: 12.04 13:06:44,739| HBQ In: 12.04 13:06:44,740| DLQ In: 12.04 13:06:44,740|DLQ Out: 12.04 13:06:45,565|*******
0-profA@lab31.cpt.haw-hamburg.de-<0.9769.0>-KLC: 304te_Nachricht. C Out: 12.04 13:06:44,739| HBQ In: 12.04 13:06:44,740| DLQ In: 12.04 13:06:44,740|DLQ Out: 12.04 13:06:45,570|*******
2-profA@lab31.cpt.haw-hamburg.de-<0.9771.0>-KLC: 305te_Nachricht. C Out: 12.04 13:06:44,739| HBQ In: 12.04 13:06:44,740| DLQ In: 12.04 13:06:44,740|DLQ Out: 12.04 13:06:45,574|*******
3-profA@lab31.cpt.haw-hamburg.de-<0.9772.0>-KLC: 306te_Nachricht. C Out: 12.04 13:06:44,739| HBQ In: 12.04 13:06:44,740| DLQ In: 12.04 13:06:44,740|DLQ Out: 12.04 13:06:45,579|*******
5-profA@lab31.cpt.haw-hamburg.de-<0.9774.0>-KLC: 307te_Nachricht. C Out: 12.04 13:06:44,740| HBQ In: 12.04 13:06:44,741| DLQ In: 12.04 13:06:44,741|DLQ Out: 12.04 13:06:45,584|*******
8-profA@lab31.cpt.haw-hamburg.de-<0.9777.0>-KLC: 308te_Nachricht. C Out: 12.04 13:06:44,739| HBQ In: 12.04 13:06:44,740| DLQ In: 12.04 13:06:44,741|DLQ Out: 12.04 13:06:45,587|*******
7-profA@lab31.cpt.haw-hamburg.de-<0.9776.0>-KLC: 309te_Nachricht. C Out: 12.04 13:06:44,740| HBQ In: 12.04 13:06:44,741| DLQ In: 12.04 13:06:44,741|DLQ Out: 12.04 13:06:45,590|*******
9-profA@lab31.cpt.haw-hamburg.de-<0.9778.0>-KLC: 310te_Nachricht. C Out: 12.04 13:06:44,740| HBQ In: 12.04 13:06:44,741| DLQ In: 12.04 13:06:44,741|DLQ Out: 12.04 13:06:45,592|*******
lab29-1-1: message_number_449. Sent time: 12.04 13:06:45,593| was sent
lab29-1-1: message_number_609. Sent time: 12.04 13:06:49,596| was sent
lab29-1-1: message_number_895. Sent time: 12.04 13:06:53,600| was sent
lab29-1-1: message_number_1090. Sent time: 12.04 13:06:57,605| was sent
lab29-1-1: message_number_1291. Sent time: 12.04 13:07:01,607| was sent
EDITOR>>> message number 1443 forgotten to send
