client_77clients@lab29.cpt.haw-hamburg.de-<0.106.0>- Start: 12.04 13:06:35,320|
lab29-1-1: message_number_77. Sent time: 12.04 13:06:35,320| was sent
lab29-1-1: message_number_137. Sent time: 12.04 13:06:37,322| was sent
lab29-1-1: message_number_207. Sent time: 12.04 13:06:39,328| was sent
lab29-1-1: message_number_287. Sent time: 12.04 13:06:41,331| was sent
lab29-1-1: message_number_357. Sent time: 12.04 13:06:43,333| was sent
EDITOR>>> message number 428 forgotten to send
10-clientserver@lab22.cpt.haw-hamburg.de<0.18423.0>-C-1-5: 261te_Nachricht. C Out: 12.04 13:06:41,165|(261) HBQ In: 12.04 13:06:44,166| DLQ In: 12.04 13:06:44,166|DLQ Out: 12.04 13:06:45,339|*******
11-clientserver@lab22.cpt.haw-hamburg.de<0.18424.0>-C-1-5: 262te_Nachricht. C Out: 12.04 13:06:41,165|(262) HBQ In: 12.04 13:06:44,167| DLQ In: 12.04 13:06:44,167|DLQ Out: 12.04 13:06:45,345|*******
12-clientserver@lab22.cpt.haw-hamburg.de<0.18425.0>-C-1-5: 263te_Nachricht. C Out: 12.04 13:06:41,165|(263) HBQ In: 12.04 13:06:44,168| DLQ In: 12.04 13:06:44,168|DLQ Out: 12.04 13:06:45,351|*******
13-clientserver@lab22.cpt.haw-hamburg.de<0.18426.0>-C-1-5: 264te_Nachricht. C Out: 12.04 13:06:41,165|(264) HBQ In: 12.04 13:06:44,167| DLQ In: 12.04 13:06:44,168|DLQ Out: 12.04 13:06:45,357|*******
15-clientserver@lab22.cpt.haw-hamburg.de<0.18428.0>-C-1-5: 265te_Nachricht. C Out: 12.04 13:06:41,165|(265) HBQ In: 12.04 13:06:44,167| DLQ In: 12.04 13:06:44,168|DLQ Out: 12.04 13:06:45,363|*******
14-clientserver@lab22.cpt.haw-hamburg.de<0.18427.0>-C-1-5: 266te_Nachricht. C Out: 12.04 13:06:41,166|(266) HBQ In: 12.04 13:06:44,168| DLQ In: 12.04 13:06:44,168|DLQ Out: 12.04 13:06:45,369|*******
17-clientserver@lab22.cpt.haw-hamburg.de<0.18430.0>-C-1-5: 267te_Nachricht. C Out: 12.04 13:06:41,166|(267) HBQ In: 12.04 13:06:44,167| DLQ In: 12.04 13:06:44,168|DLQ Out: 12.04 13:06:45,375|*******
19-clientserver@lab22.cpt.haw-hamburg.de<0.18432.0>-C-1-5: 268te_Nachricht. C Out: 12.04 13:06:41,166|(268) HBQ In: 12.04 13:06:44,167| DLQ In: 12.04 13:06:44,168|DLQ Out: 12.04 13:06:45,381|*******
16-clientserver@lab22.cpt.haw-hamburg.de<0.18429.0>-C-1-5: 269te_Nachricht. C Out: 12.04 13:06:41,166|(269) HBQ In: 12.04 13:06:44,168| DLQ In: 12.04 13:06:44,168|DLQ Out: 12.04 13:06:45,387|*******
18-clientserver@lab22.cpt.haw-hamburg.de<0.18431.0>-C-1-5: 270te_Nachricht. C Out: 12.04 13:06:41,166|(270) HBQ In: 12.04 13:06:44,168| DLQ In: 12.04 13:06:44,168|DLQ Out: 12.04 13:06:45,392|*******
lab29-1-1: message_number_271. Sent time: 12.04 13:06:41,318| HBQ In: 12.04 13:06:43,318| DLQ In: 12.04 13:06:44,168|DLQ Out: 12.04 13:06:45,398|*******
lab29-1-1: message_number_272. Sent time: 12.04 13:06:41,320| HBQ In: 12.04 13:06:43,321| DLQ In: 12.04 13:06:44,168|DLQ Out: 12.04 13:06:45,403|*******
lab29-1-1: message_number_273. Sent time: 12.04 13:06:41,320| HBQ In: 12.04 13:06:43,321| DLQ In: 12.04 13:06:44,168|DLQ Out: 12.04 13:06:45,409|*******
lab29-1-1: message_number_274. Sent time: 12.04 13:06:41,321| HBQ In: 12.04 13:06:43,322| DLQ In: 12.04 13:06:44,168|DLQ Out: 12.04 13:06:45,415|*******
lab29-1-1: message_number_275. Sent time: 12.04 13:06:41,322| HBQ In: 12.04 13:06:43,323| DLQ In: 12.04 13:06:44,168|DLQ Out: 12.04 13:06:45,421|*******
lab29-1-1: message_number_276. Sent time: 12.04 13:06:41,322| HBQ In: 12.04 13:06:43,323| DLQ In: 12.04 13:06:44,168|DLQ Out: 12.04 13:06:45,426|*******
lab29-1-1: message_number_277. Sent time: 12.04 13:06:41,323| HBQ In: 12.04 13:06:43,324| DLQ In: 12.04 13:06:44,168|DLQ Out: 12.04 13:06:45,432|*******
lab29-1-1: message_number_278. Sent time: 12.04 13:06:41,323| HBQ In: 12.04 13:06:43,325| DLQ In: 12.04 13:06:44,168|DLQ Out: 12.04 13:06:45,437|*******
lab29-1-1: message_number_279. Sent time: 12.04 13:06:41,324| HBQ In: 12.04 13:06:43,324| DLQ In: 12.04 13:06:44,168|DLQ Out: 12.04 13:06:45,443|*******
lab29-1-1: message_number_280. Sent time: 12.04 13:06:41,329| HBQ In: 12.04 13:06:43,330| DLQ In: 12.04 13:06:44,168|DLQ Out: 12.04 13:06:45,448|*******
lab29-1-1: message_number_281. Sent time: 12.04 13:06:41,329| HBQ In: 12.04 13:06:43,329| DLQ In: 12.04 13:06:44,168|DLQ Out: 12.04 13:06:45,453|*******
lab29-1-1: message_number_282. Sent time: 12.04 13:06:41,329| HBQ In: 12.04 13:06:43,330| DLQ In: 12.04 13:06:44,168|DLQ Out: 12.04 13:06:45,459|*******
lab29-1-1: message_number_283. Sent time: 12.04 13:06:41,329| HBQ In: 12.04 13:06:43,331| DLQ In: 12.04 13:06:44,168|DLQ Out: 12.04 13:06:45,464|*******
lab29-1-1: message_number_284. Sent time: 12.04 13:06:41,330| HBQ In: 12.04 13:06:43,331| DLQ In: 12.04 13:06:44,168|DLQ Out: 12.04 13:06:45,469|*******
lab29-1-1: message_number_285. Sent time: 12.04 13:06:41,331| HBQ In: 12.04 13:06:43,331| DLQ In: 12.04 13:06:44,168|DLQ Out: 12.04 13:06:45,474|*******
lab29-1-1: message_number_286. Sent time: 12.04 13:06:41,331| HBQ In: 12.04 13:06:43,332| DLQ In: 12.04 13:06:44,169|DLQ Out: 12.04 13:06:45,479|*******
lab29-1-1: message_number_287. Sent time: 12.04 13:06:41,331| HBQ In: 12.04 13:06:43,332| DLQ In: 12.04 13:06:44,169|DLQ Out: 12.04 13:06:45,484|*******
lab29-1-1: message_number_288. Sent time: 12.04 13:06:41,331| HBQ In: 12.04 13:06:43,333| DLQ In: 12.04 13:06:44,169|DLQ Out: 12.04 13:06:45,490|*******
lab29-1-1: message_number_289. Sent time: 12.04 13:06:41,332| HBQ In: 12.04 13:06:43,333| DLQ In: 12.04 13:06:44,169|DLQ Out: 12.04 13:06:45,495|*******
lab29-1-1: message_number_290. Sent time: 12.04 13:06:41,332| HBQ In: 12.04 13:06:43,333| DLQ In: 12.04 13:06:44,169|DLQ Out: 12.04 13:06:45,501|*******
1-profB@lab31.cpt.haw-hamburg.de-<0.11057.0>-KLC: 291te_Nachricht. C Out: 12.04 13:06:44,486| HBQ In: 12.04 13:06:44,487| DLQ In: 12.04 13:06:44,487|DLQ Out: 12.04 13:06:45,506|*******
6-profB@lab31.cpt.haw-hamburg.de-<0.11062.0>-KLC: 292te_Nachricht. C Out: 12.04 13:06:44,486| HBQ In: 12.04 13:06:44,487| DLQ In: 12.04 13:06:44,487|DLQ Out: 12.04 13:06:45,510|*******
3-profB@lab31.cpt.haw-hamburg.de-<0.11059.0>-KLC: 293te_Nachricht. C Out: 12.04 13:06:44,487| HBQ In: 12.04 13:06:44,488| DLQ In: 12.04 13:06:44,488|DLQ Out: 12.04 13:06:45,515|*******
4-profB@lab31.cpt.haw-hamburg.de-<0.11060.0>-KLC: 294te_Nachricht. C Out: 12.04 13:06:44,487| HBQ In: 12.04 13:06:44,488| DLQ In: 12.04 13:06:44,488|DLQ Out: 12.04 13:06:45,520|*******
5-profB@lab31.cpt.haw-hamburg.de-<0.11061.0>-KLC: 295te_Nachricht. C Out: 12.04 13:06:44,487| HBQ In: 12.04 13:06:44,488| DLQ In: 12.04 13:06:44,488|DLQ Out: 12.04 13:06:45,525|*******
0-profB@lab31.cpt.haw-hamburg.de-<0.11056.0>-KLC: 296te_Nachricht. C Out: 12.04 13:06:44,487| HBQ In: 12.04 13:06:44,488| DLQ In: 12.04 13:06:44,488|DLQ Out: 12.04 13:06:45,530|*******
9-profB@lab31.cpt.haw-hamburg.de-<0.11065.0>-KLC: 297te_Nachricht. C Out: 12.04 13:06:44,487| HBQ In: 12.04 13:06:44,488| DLQ In: 12.04 13:06:44,488|DLQ Out: 12.04 13:06:45,535|*******
2-profB@lab31.cpt.haw-hamburg.de-<0.11058.0>-KLC: 298te_Nachricht. C Out: 12.04 13:06:44,487| HBQ In: 12.04 13:06:44,488| DLQ In: 12.04 13:06:44,488|DLQ Out: 12.04 13:06:45,539|*******
7-profB@lab31.cpt.haw-hamburg.de-<0.11063.0>-KLC: 299te_Nachricht. C Out: 12.04 13:06:44,487| HBQ In: 12.04 13:06:44,488| DLQ In: 12.04 13:06:44,488|DLQ Out: 12.04 13:06:45,544|*******
8-profB@lab31.cpt.haw-hamburg.de-<0.11064.0>-KLC: 300te_Nachricht. C Out: 12.04 13:06:44,488| HBQ In: 12.04 13:06:44,489| DLQ In: 12.04 13:06:44,489|DLQ Out: 12.04 13:06:45,549|*******
4-profA@lab31.cpt.haw-hamburg.de-<0.9773.0>-KLC: 301te_Nachricht. C Out: 12.04 13:06:44,738| HBQ In: 12.04 13:06:44,738| DLQ In: 12.04 13:06:44,739|DLQ Out: 12.04 13:06:45,554|*******
1-profA@lab31.cpt.haw-hamburg.de-<0.9770.0>-KLC: 302te_Nachricht. C Out: 12.04 13:06:44,738| HBQ In: 12.04 13:06:44,739| DLQ In: 12.04 13:06:44,739|DLQ Out: 12.04 13:06:45,559|*******
6-profA@lab31.cpt.haw-hamburg.de-<0.9775.0>-KLC: 303te_Nachricht. C Out: 12.04 13:06:44,739| HBQ In: 12.04 13:06:44,740| DLQ In: 12.04 13:06:44,740|DLQ Out: 12.04 13:06:45,564|*******
0-profA@lab31.cpt.haw-hamburg.de-<0.9769.0>-KLC: 304te_Nachricht. C Out: 12.04 13:06:44,739| HBQ In: 12.04 13:06:44,740| DLQ In: 12.04 13:06:44,740|DLQ Out: 12.04 13:06:45,569|*******
2-profA@lab31.cpt.haw-hamburg.de-<0.9771.0>-KLC: 305te_Nachricht. C Out: 12.04 13:06:44,739| HBQ In: 12.04 13:06:44,740| DLQ In: 12.04 13:06:44,740|DLQ Out: 12.04 13:06:45,574|*******
3-profA@lab31.cpt.haw-hamburg.de-<0.9772.0>-KLC: 306te_Nachricht. C Out: 12.04 13:06:44,739| HBQ In: 12.04 13:06:44,740| DLQ In: 12.04 13:06:44,740|DLQ Out: 12.04 13:06:45,578|*******
5-profA@lab31.cpt.haw-hamburg.de-<0.9774.0>-KLC: 307te_Nachricht. C Out: 12.04 13:06:44,740| HBQ In: 12.04 13:06:44,741| DLQ In: 12.04 13:06:44,741|DLQ Out: 12.04 13:06:45,583|*******
8-profA@lab31.cpt.haw-hamburg.de-<0.9777.0>-KLC: 308te_Nachricht. C Out: 12.04 13:06:44,739| HBQ In: 12.04 13:06:44,740| DLQ In: 12.04 13:06:44,741|DLQ Out: 12.04 13:06:45,587|*******
7-profA@lab31.cpt.haw-hamburg.de-<0.9776.0>-KLC: 309te_Nachricht. C Out: 12.04 13:06:44,740| HBQ In: 12.04 13:06:44,741| DLQ In: 12.04 13:06:44,741|DLQ Out: 12.04 13:06:45,589|*******
9-profA@lab31.cpt.haw-hamburg.de-<0.9778.0>-KLC: 310te_Nachricht. C Out: 12.04 13:06:44,740| HBQ In: 12.04 13:06:44,741| DLQ In: 12.04 13:06:44,741|DLQ Out: 12.04 13:06:45,592|*******
lab29-1-1: message_number_448. Sent time: 12.04 13:06:45,593| was sent
lab29-1-1: message_number_611. Sent time: 12.04 13:06:49,596| was sent
lab29-1-1: message_number_898. Sent time: 12.04 13:06:53,601| was sent
lab29-1-1: message_number_1092. Sent time: 12.04 13:06:57,606| was sent
lab29-1-1: message_number_1292. Sent time: 12.04 13:07:01,607| was sent
EDITOR>>> message number 1445 forgotten to send
