client_2clients@lab29.cpt.haw-hamburg.de-<0.58.0>- Start: 12.04 13:54:09,058|
lab29-1-1: message_number_2. Sent time: 12.04 13:54:09,059| was sent
lab29-1-1: message_number_21. Sent time: 12.04 13:54:11,061| was sent
lab29-1-1: message_number_42. Sent time: 12.04 13:54:13,064| was sent
lab29-1-1: message_number_62. Sent time: 12.04 13:54:15,067| was sent
lab29-1-1: message_number_82. Sent time: 12.04 13:54:17,069| was sent
EDITOR>>> message number 102 forgotten to send
lab29-1-1: message_number_1. Sent time: 12.04 13:54:09,059| 12.04 13:54:11,060|*******
lab29-1-1: message_number_2. Sent time: 12.04 13:54:09,059| 12.04 13:54:11,060|*******
lab29-1-1: message_number_3. Sent time: 12.04 13:54:09,060| 12.04 13:54:11,062|*******
lab29-1-1: message_number_4. Sent time: 12.04 13:54:09,059| 12.04 13:54:11,060|*******
lab29-1-1: message_number_5. Sent time: 12.04 13:54:09,060| 12.04 13:54:11,062|*******
lab29-1-1: message_number_6. Sent time: 12.04 13:54:09,060| 12.04 13:54:11,062|*******
lab29-1-1: message_number_7. Sent time: 12.04 13:54:09,061| 12.04 13:54:11,062|*******
lab29-1-1: message_number_8. Sent time: 12.04 13:54:09,061| 12.04 13:54:11,062|*******
lab29-1-1: message_number_9. Sent time: 12.04 13:54:09,060| 12.04 13:54:11,062|*******
lab29-1-1: message_number_10. Sent time: 12.04 13:54:09,061| 12.04 13:54:11,063|*******
lab29-1-1: message_number_11. Sent time: 12.04 13:54:09,062| 12.04 13:54:11,064|*******
lab29-1-1: message_number_12. Sent time: 12.04 13:54:09,063| 12.04 13:54:11,063|*******
lab29-1-1: message_number_13. Sent time: 12.04 13:54:09,064| 12.04 13:54:11,064|*******
lab29-1-1: message_number_14. Sent time: 12.04 13:54:09,064| 12.04 13:54:11,065|*******
lab29-1-1: message_number_15. Sent time: 12.04 13:54:09,065| 12.04 13:54:11,066|*******
lab29-1-1: message_number_16. Sent time: 12.04 13:54:09,066| 12.04 13:54:11,066|*******
lab29-1-1: message_number_17. Sent time: 12.04 13:54:09,067| 12.04 13:54:11,067|*******
lab29-1-1: message_number_18. Sent time: 12.04 13:54:09,068| 12.04 13:54:11,068|*******
lab29-1-1: message_number_19. Sent time: 12.04 13:54:09,069| 12.04 13:54:11,069|*******
lab29-1-1: message_number_20. Sent time: 12.04 13:54:09,069| 12.04 13:54:11,069|*******
lab29-1-1: message_number_21. Sent time: 12.04 13:54:11,061| 12.04 13:54:13,063|*******
lab29-1-1: message_number_22. Sent time: 12.04 13:54:11,062| 12.04 13:54:13,063|*******
lab29-1-1: message_number_23. Sent time: 12.04 13:54:11,062| 12.04 13:54:13,063|*******
lab29-1-1: message_number_24. Sent time: 12.04 13:54:11,063| 12.04 13:54:13,063|*******
lab29-1-1: message_number_25. Sent time: 12.04 13:54:11,063| 12.04 13:54:13,064|*******
lab29-1-1: message_number_26. Sent time: 12.04 13:54:11,064| 12.04 13:54:13,065|*******
lab29-1-1: message_number_27. Sent time: 12.04 13:54:11,064| 12.04 13:54:13,065|*******
lab29-1-1: message_number_28. Sent time: 12.04 13:54:11,064| 12.04 13:54:13,065|*******
lab29-1-1: message_number_29. Sent time: 12.04 13:54:11,064| 12.04 13:54:13,065|*******
lab29-1-1: message_number_30. Sent time: 12.04 13:54:11,064| 12.04 13:54:13,065|*******
lab29-1-1: message_number_31. Sent time: 12.04 13:54:11,065| 12.04 13:54:13,065|*******
lab29-1-1: message_number_32. Sent time: 12.04 13:54:11,065| 12.04 13:54:13,065|*******
lab29-1-1: message_number_33. Sent time: 12.04 13:54:11,065| 12.04 13:54:13,067|*******
lab29-1-1: message_number_34. Sent time: 12.04 13:54:11,066| 12.04 13:54:13,066|*******
lab29-1-1: message_number_35. Sent time: 12.04 13:54:11,067| 12.04 13:54:13,067|*******
lab29-1-1: message_number_36. Sent time: 12.04 13:54:11,068| 12.04 13:54:13,069|*******
lab29-1-1: message_number_37. Sent time: 12.04 13:54:11,068| 12.04 13:54:13,068|*******
lab29-1-1: message_number_38. Sent time: 12.04 13:54:11,069| 12.04 13:54:13,070|*******
lab29-1-1: message_number_39. Sent time: 12.04 13:54:11,070| 12.04 13:54:13,071|*******
lab29-1-1: message_number_40. Sent time: 12.04 13:54:11,071| 12.04 13:54:13,071|*******
lab29-1-1: message_number_41. Sent time: 12.04 13:54:13,064| 12.04 13:54:15,065|*******
lab29-1-1: message_number_42. Sent time: 12.04 13:54:13,064| 12.04 13:54:15,065|*******
lab29-1-1: message_number_43. Sent time: 12.04 13:54:13,065| 12.04 13:54:15,066|*******
lab29-1-1: message_number_44. Sent time: 12.04 13:54:13,065| 12.04 13:54:15,066|*******
lab29-1-1: message_number_45. Sent time: 12.04 13:54:13,065| 12.04 13:54:15,066|*******
lab29-1-1: message_number_46. Sent time: 12.04 13:54:13,066| 12.04 13:54:15,067|*******
lab29-1-1: message_number_47. Sent time: 12.04 13:54:13,066| 12.04 13:54:15,067|*******
lab29-1-1: message_number_48. Sent time: 12.04 13:54:13,066| 12.04 13:54:15,067|*******
lab29-1-1: message_number_49. Sent time: 12.04 13:54:13,066| 12.04 13:54:15,067|*******
lab29-1-1: message_number_50. Sent time: 12.04 13:54:13,066| 12.04 13:54:15,067|*******
lab29-1-1: message_number_51. Sent time: 12.04 13:54:13,067| 12.04 13:54:15,068|*******
lab29-1-1: message_number_52. Sent time: 12.04 13:54:13,067| 12.04 13:54:15,068|*******
lab29-1-1: message_number_53. Sent time: 12.04 13:54:13,067| 12.04 13:54:15,068|*******
lab29-1-1: message_number_54. Sent time: 12.04 13:54:13,067| 12.04 13:54:15,069|*******
lab29-1-1: message_number_55. Sent time: 12.04 13:54:13,068| 12.04 13:54:15,069|*******
lab29-1-1: message_number_56. Sent time: 12.04 13:54:13,069| 12.04 13:54:15,069|*******
lab29-1-1: message_number_57. Sent time: 12.04 13:54:13,069| 12.04 13:54:15,070|*******
lab29-1-1: message_number_58. Sent time: 12.04 13:54:13,071| 12.04 13:54:15,071|*******
lab29-1-1: message_number_59. Sent time: 12.04 13:54:13,072| 12.04 13:54:15,073|*******
lab29-1-1: message_number_60. Sent time: 12.04 13:54:13,072| 12.04 13:54:15,073|*******
lab29-1-1: message_number_61. Sent time: 12.04 13:54:15,067| 12.04 13:54:17,068|*******
lab29-1-1: message_number_62. Sent time: 12.04 13:54:15,067| 12.04 13:54:17,068|*******
lab29-1-1: message_number_63. Sent time: 12.04 13:54:15,068| 12.04 13:54:17,068|*******
lab29-1-1: message_number_64. Sent time: 12.04 13:54:15,067| 12.04 13:54:17,068|*******
lab29-1-1: message_number_65. Sent time: 12.04 13:54:15,068| 12.04 13:54:17,070|*******
lab29-1-1: message_number_66. Sent time: 12.04 13:54:15,068| 12.04 13:54:17,069|*******
lab29-1-1: message_number_67. Sent time: 12.04 13:54:15,069| 12.04 13:54:17,069|*******
lab29-1-1: message_number_68. Sent time: 12.04 13:54:15,069| 12.04 13:54:17,070|*******
lab29-1-1: message_number_69. Sent time: 12.04 13:54:15,069| 12.04 13:54:17,070|*******
lab29-1-1: message_number_70. Sent time: 12.04 13:54:15,076| 12.04 13:54:17,076|*******
lab29-1-1: message_number_71. Sent time: 12.04 13:54:15,076| 12.04 13:54:17,077|*******
lab29-1-1: message_number_72. Sent time: 12.04 13:54:15,077| 12.04 13:54:17,078|*******
lab29-1-1: message_number_73. Sent time: 12.04 13:54:15,077| 12.04 13:54:17,077|*******
lab29-1-1: message_number_74. Sent time: 12.04 13:54:15,077| 12.04 13:54:17,078|*******
lab29-1-1: message_number_75. Sent time: 12.04 13:54:15,077| 12.04 13:54:17,078|*******
lab29-1-1: message_number_76. Sent time: 12.04 13:54:15,078| 12.04 13:54:17,079|*******
lab29-1-1: message_number_77. Sent time: 12.04 13:54:15,078| 12.04 13:54:17,079|*******
lab29-1-1: message_number_78. Sent time: 12.04 13:54:15,078| 12.04 13:54:17,079|*******
lab29-1-1: message_number_79. Sent time: 12.04 13:54:15,078| 12.04 13:54:17,079|*******
lab29-1-1: message_number_80. Sent time: 12.04 13:54:15,078| 12.04 13:54:17,079|*******
lab29-1-1: message_number_81. Sent time: 12.04 13:54:17,069| 12.04 13:54:19,070|*******
lab29-1-1: message_number_82. Sent time: 12.04 13:54:17,069| 12.04 13:54:19,070|*******
lab29-1-1: message_number_83. Sent time: 12.04 13:54:17,069| 12.04 13:54:19,070|*******
lab29-1-1: message_number_84. Sent time: 12.04 13:54:17,070| 12.04 13:54:19,070|*******
lab29-1-1: message_number_85. Sent time: 12.04 13:54:17,069| 12.04 13:54:19,070|*******
lab29-1-1: message_number_86. Sent time: 12.04 13:54:17,070| 12.04 13:54:19,070|*******
lab29-1-1: message_number_87. Sent time: 12.04 13:54:17,070| 12.04 13:54:19,071|*******
lab29-1-1: message_number_88. Sent time: 12.04 13:54:17,071| 12.04 13:54:19,071|*******
lab29-1-1: message_number_89. Sent time: 12.04 13:54:17,071| 12.04 13:54:19,072|*******
lab29-1-1: message_number_90. Sent time: 12.04 13:54:17,077| 12.04 13:54:19,079|*******
lab29-1-1: message_number_91. Sent time: 12.04 13:54:17,078| 12.04 13:54:19,080|*******
lab29-1-1: message_number_92. Sent time: 12.04 13:54:17,079| 12.04 13:54:19,080|*******
lab29-1-1: message_number_93. Sent time: 12.04 13:54:17,079| 12.04 13:54:19,080|*******
lab29-1-1: message_number_94. Sent time: 12.04 13:54:17,079| 12.04 13:54:19,080|*******
lab29-1-1: message_number_95. Sent time: 12.04 13:54:17,079| 12.04 13:54:19,081|*******
lab29-1-1: message_number_96. Sent time: 12.04 13:54:17,080| 12.04 13:54:19,082|*******
lab29-1-1: message_number_97. Sent time: 12.04 13:54:17,080| 12.04 13:54:19,082|*******
lab29-1-1: message_number_98. Sent time: 12.04 13:54:17,080| 12.04 13:54:19,082|*******
lab29-1-1: message_number_99. Sent time: 12.04 13:54:17,080| 12.04 13:54:19,083|*******
lab29-1-1: message_number_100. Sent time: 12.04 13:54:17,081| 12.04 13:54:19,083|*******
lab29-1-1: message_number_121. Sent time: 12.04 13:54:19,242| was sent
lab29-1-1: message_number_141. Sent time: 12.04 13:54:23,243| was sent
lab29-1-1: message_number_161. Sent time: 12.04 13:54:27,246| was sent
lab29-1-1: message_number_182. Sent time: 12.04 13:54:31,250| was sent
lab29-1-1: message_number_202. Sent time: 12.04 13:54:35,257| was sent
EDITOR>>> message number 222 forgotten to send
No new messages*******
lab29-1-1: message_number_224. Sent time: 12.04 13:54:39,259| was sent
lab29-1-1: message_number_261. Sent time: 12.04 13:54:41,261| was sent
lab29-1-1: message_number_281. Sent time: 12.04 13:54:43,263| was sent
lab29-1-1: message_number_301. Sent time: 12.04 13:54:45,265| was sent
lab29-1-1: message_number_321. Sent time: 12.04 13:54:47,267| was sent
EDITOR>>> message number 341 forgotten to send
No new messages*******
lab29-1-1: message_number_348. Sent time: 12.04 13:54:49,286| was sent
lab29-1-1: message_number_381. Sent time: 12.04 13:54:51,291| was sent
lab29-1-1: message_number_401. Sent time: 12.04 13:54:53,293| was sent
lab29-1-1: message_number_421. Sent time: 12.04 13:54:55,295| was sent
lab29-1-1: message_number_441. Sent time: 12.04 13:54:57,299| was sent
EDITOR>>> message number 461 forgotten to send
No new messages*******
lab29-1-1: message_number_462. Sent time: 12.04 13:54:59,301| was sent
lab29-1-1: message_number_501. Sent time: 12.04 13:55:01,303| was sent
lab29-1-1: message_number_521. Sent time: 12.04 13:55:03,309| was sent
lab29-1-1: message_number_541. Sent time: 12.04 13:55:05,314| was sent
lab29-1-1: message_number_561. Sent time: 12.04 13:55:07,317| was sent
EDITOR>>> message number 581 forgotten to send
lab29-1-1: message_number_1. Sent time: 12.04 13:54:09,059| 12.04 13:54:11,060|*******
lab29-1-1: message_number_2. Sent time: 12.04 13:54:09,059| 12.04 13:54:11,060|*******
lab29-1-1: message_number_3. Sent time: 12.04 13:54:09,060| 12.04 13:54:11,062|*******
lab29-1-1: message_number_4. Sent time: 12.04 13:54:09,059| 12.04 13:54:11,060|*******
lab29-1-1: message_number_5. Sent time: 12.04 13:54:09,060| 12.04 13:54:11,062|*******
lab29-1-1: message_number_6. Sent time: 12.04 13:54:09,060| 12.04 13:54:11,062|*******
lab29-1-1: message_number_7. Sent time: 12.04 13:54:09,061| 12.04 13:54:11,062|*******
lab29-1-1: message_number_8. Sent time: 12.04 13:54:09,061| 12.04 13:54:11,062|*******
lab29-1-1: message_number_9. Sent time: 12.04 13:54:09,060| 12.04 13:54:11,062|*******
lab29-1-1: message_number_10. Sent time: 12.04 13:54:09,061| 12.04 13:54:11,063|*******
lab29-1-1: message_number_11. Sent time: 12.04 13:54:09,062| 12.04 13:54:11,064|*******
lab29-1-1: message_number_12. Sent time: 12.04 13:54:09,063| 12.04 13:54:11,063|*******
lab29-1-1: message_number_13. Sent time: 12.04 13:54:09,064| 12.04 13:54:11,064|*******
lab29-1-1: message_number_14. Sent time: 12.04 13:54:09,064| 12.04 13:54:11,065|*******
lab29-1-1: message_number_15. Sent time: 12.04 13:54:09,065| 12.04 13:54:11,066|*******
lab29-1-1: message_number_16. Sent time: 12.04 13:54:09,066| 12.04 13:54:11,066|*******
lab29-1-1: message_number_17. Sent time: 12.04 13:54:09,067| 12.04 13:54:11,067|*******
lab29-1-1: message_number_18. Sent time: 12.04 13:54:09,068| 12.04 13:54:11,068|*******
lab29-1-1: message_number_19. Sent time: 12.04 13:54:09,069| 12.04 13:54:11,069|*******
lab29-1-1: message_number_20. Sent time: 12.04 13:54:09,069| 12.04 13:54:11,069|*******
lab29-1-1: message_number_21. Sent time: 12.04 13:54:11,061| 12.04 13:54:13,063|*******
lab29-1-1: message_number_22. Sent time: 12.04 13:54:11,062| 12.04 13:54:13,063|*******
lab29-1-1: message_number_23. Sent time: 12.04 13:54:11,062| 12.04 13:54:13,063|*******
lab29-1-1: message_number_24. Sent time: 12.04 13:54:11,063| 12.04 13:54:13,063|*******
lab29-1-1: message_number_25. Sent time: 12.04 13:54:11,063| 12.04 13:54:13,064|*******
lab29-1-1: message_number_26. Sent time: 12.04 13:54:11,064| 12.04 13:54:13,065|*******
lab29-1-1: message_number_27. Sent time: 12.04 13:54:11,064| 12.04 13:54:13,065|*******
lab29-1-1: message_number_28. Sent time: 12.04 13:54:11,064| 12.04 13:54:13,065|*******
lab29-1-1: message_number_29. Sent time: 12.04 13:54:11,064| 12.04 13:54:13,065|*******
lab29-1-1: message_number_30. Sent time: 12.04 13:54:11,064| 12.04 13:54:13,065|*******
lab29-1-1: message_number_31. Sent time: 12.04 13:54:11,065| 12.04 13:54:13,065|*******
lab29-1-1: message_number_32. Sent time: 12.04 13:54:11,065| 12.04 13:54:13,065|*******
lab29-1-1: message_number_33. Sent time: 12.04 13:54:11,065| 12.04 13:54:13,067|*******
lab29-1-1: message_number_34. Sent time: 12.04 13:54:11,066| 12.04 13:54:13,066|*******
lab29-1-1: message_number_35. Sent time: 12.04 13:54:11,067| 12.04 13:54:13,067|*******
lab29-1-1: message_number_36. Sent time: 12.04 13:54:11,068| 12.04 13:54:13,069|*******
lab29-1-1: message_number_37. Sent time: 12.04 13:54:11,068| 12.04 13:54:13,068|*******
lab29-1-1: message_number_38. Sent time: 12.04 13:54:11,069| 12.04 13:54:13,070|*******
lab29-1-1: message_number_39. Sent time: 12.04 13:54:11,070| 12.04 13:54:13,071|*******
lab29-1-1: message_number_40. Sent time: 12.04 13:54:11,071| 12.04 13:54:13,071|*******
lab29-1-1: message_number_41. Sent time: 12.04 13:54:13,064| 12.04 13:54:15,065|*******
lab29-1-1: message_number_42. Sent time: 12.04 13:54:13,064| 12.04 13:54:15,065|*******
lab29-1-1: message_number_43. Sent time: 12.04 13:54:13,065| 12.04 13:54:15,066|*******
lab29-1-1: message_number_44. Sent time: 12.04 13:54:13,065| 12.04 13:54:15,066|*******
lab29-1-1: message_number_45. Sent time: 12.04 13:54:13,065| 12.04 13:54:15,066|*******
lab29-1-1: message_number_46. Sent time: 12.04 13:54:13,066| 12.04 13:54:15,067|*******
lab29-1-1: message_number_47. Sent time: 12.04 13:54:13,066| 12.04 13:54:15,067|*******
lab29-1-1: message_number_48. Sent time: 12.04 13:54:13,066| 12.04 13:54:15,067|*******
lab29-1-1: message_number_49. Sent time: 12.04 13:54:13,066| 12.04 13:54:15,067|*******
lab29-1-1: message_number_50. Sent time: 12.04 13:54:13,066| 12.04 13:54:15,067|*******
lab29-1-1: message_number_51. Sent time: 12.04 13:54:13,067| 12.04 13:54:15,068|*******
lab29-1-1: message_number_52. Sent time: 12.04 13:54:13,067| 12.04 13:54:15,068|*******
lab29-1-1: message_number_53. Sent time: 12.04 13:54:13,067| 12.04 13:54:15,068|*******
lab29-1-1: message_number_54. Sent time: 12.04 13:54:13,067| 12.04 13:54:15,069|*******
lab29-1-1: message_number_55. Sent time: 12.04 13:54:13,068| 12.04 13:54:15,069|*******
lab29-1-1: message_number_56. Sent time: 12.04 13:54:13,069| 12.04 13:54:15,069|*******
lab29-1-1: message_number_57. Sent time: 12.04 13:54:13,069| 12.04 13:54:15,070|*******
lab29-1-1: message_number_58. Sent time: 12.04 13:54:13,071| 12.04 13:54:15,071|*******
lab29-1-1: message_number_59. Sent time: 12.04 13:54:13,072| 12.04 13:54:15,073|*******
lab29-1-1: message_number_60. Sent time: 12.04 13:54:13,072| 12.04 13:54:15,073|*******
lab29-1-1: message_number_61. Sent time: 12.04 13:54:15,067| 12.04 13:54:17,068|*******
lab29-1-1: message_number_62. Sent time: 12.04 13:54:15,067| 12.04 13:54:17,068|*******
lab29-1-1: message_number_63. Sent time: 12.04 13:54:15,068| 12.04 13:54:17,068|*******
lab29-1-1: message_number_64. Sent time: 12.04 13:54:15,067| 12.04 13:54:17,068|*******
lab29-1-1: message_number_65. Sent time: 12.04 13:54:15,068| 12.04 13:54:17,070|*******
lab29-1-1: message_number_66. Sent time: 12.04 13:54:15,068| 12.04 13:54:17,069|*******
lab29-1-1: message_number_67. Sent time: 12.04 13:54:15,069| 12.04 13:54:17,069|*******
lab29-1-1: message_number_68. Sent time: 12.04 13:54:15,069| 12.04 13:54:17,070|*******
lab29-1-1: message_number_69. Sent time: 12.04 13:54:15,069| 12.04 13:54:17,070|*******
lab29-1-1: message_number_70. Sent time: 12.04 13:54:15,076| 12.04 13:54:17,076|*******
lab29-1-1: message_number_71. Sent time: 12.04 13:54:15,076| 12.04 13:54:17,077|*******
lab29-1-1: message_number_72. Sent time: 12.04 13:54:15,077| 12.04 13:54:17,078|*******
lab29-1-1: message_number_73. Sent time: 12.04 13:54:15,077| 12.04 13:54:17,077|*******
lab29-1-1: message_number_74. Sent time: 12.04 13:54:15,077| 12.04 13:54:17,078|*******
lab29-1-1: message_number_75. Sent time: 12.04 13:54:15,077| 12.04 13:54:17,078|*******
lab29-1-1: message_number_76. Sent time: 12.04 13:54:15,078| 12.04 13:54:17,079|*******
lab29-1-1: message_number_77. Sent time: 12.04 13:54:15,078| 12.04 13:54:17,079|*******
lab29-1-1: message_number_78. Sent time: 12.04 13:54:15,078| 12.04 13:54:17,079|*******
lab29-1-1: message_number_79. Sent time: 12.04 13:54:15,078| 12.04 13:54:17,079|*******
lab29-1-1: message_number_80. Sent time: 12.04 13:54:15,078| 12.04 13:54:17,079|*******
lab29-1-1: message_number_81. Sent time: 12.04 13:54:17,069| 12.04 13:54:19,070|*******
lab29-1-1: message_number_82. Sent time: 12.04 13:54:17,069| 12.04 13:54:19,070|*******
lab29-1-1: message_number_83. Sent time: 12.04 13:54:17,069| 12.04 13:54:19,070|*******
lab29-1-1: message_number_84. Sent time: 12.04 13:54:17,070| 12.04 13:54:19,070|*******
lab29-1-1: message_number_85. Sent time: 12.04 13:54:17,069| 12.04 13:54:19,070|*******
lab29-1-1: message_number_86. Sent time: 12.04 13:54:17,070| 12.04 13:54:19,070|*******
lab29-1-1: message_number_87. Sent time: 12.04 13:54:17,070| 12.04 13:54:19,071|*******
lab29-1-1: message_number_88. Sent time: 12.04 13:54:17,071| 12.04 13:54:19,071|*******
lab29-1-1: message_number_89. Sent time: 12.04 13:54:17,071| 12.04 13:54:19,072|*******
lab29-1-1: message_number_90. Sent time: 12.04 13:54:17,077| 12.04 13:54:19,079|*******
lab29-1-1: message_number_91. Sent time: 12.04 13:54:17,078| 12.04 13:54:19,080|*******
lab29-1-1: message_number_92. Sent time: 12.04 13:54:17,079| 12.04 13:54:19,080|*******
lab29-1-1: message_number_93. Sent time: 12.04 13:54:17,079| 12.04 13:54:19,080|*******
lab29-1-1: message_number_94. Sent time: 12.04 13:54:17,079| 12.04 13:54:19,080|*******
lab29-1-1: message_number_95. Sent time: 12.04 13:54:17,079| 12.04 13:54:19,081|*******
lab29-1-1: message_number_96. Sent time: 12.04 13:54:17,080| 12.04 13:54:19,082|*******
lab29-1-1: message_number_97. Sent time: 12.04 13:54:17,080| 12.04 13:54:19,082|*******
lab29-1-1: message_number_98. Sent time: 12.04 13:54:17,080| 12.04 13:54:19,082|*******
lab29-1-1: message_number_99. Sent time: 12.04 13:54:17,080| 12.04 13:54:19,083|*******
lab29-1-1: message_number_100. Sent time: 12.04 13:54:17,081| 12.04 13:54:19,083|*******
Fehlernachricht fuer Nachrichtennummern 101 bis 120*******
lab29-1-1: message_number_121. Sent time: 12.04 13:54:19,242| 12.04 13:54:23,242|*******
lab29-1-1: message_number_122. Sent time: 12.04 13:54:19,243| 12.04 13:54:23,243|*******
lab29-1-1: message_number_123. Sent time: 12.04 13:54:19,243| 12.04 13:54:23,243|*******
lab29-1-1: message_number_124. Sent time: 12.04 13:54:19,243| 12.04 13:54:23,244|*******
lab29-1-1: message_number_125. Sent time: 12.04 13:54:19,243| 12.04 13:54:23,244|*******
lab29-1-1: message_number_126. Sent time: 12.04 13:54:19,244| 12.04 13:54:23,244|*******
lab29-1-1: message_number_127. Sent time: 12.04 13:54:19,244| 12.04 13:54:23,245|*******
lab29-1-1: message_number_128. Sent time: 12.04 13:54:19,244| 12.04 13:54:23,245|*******
lab29-1-1: message_number_129. Sent time: 12.04 13:54:19,245| 12.04 13:54:23,245|*******
lab29-1-1: message_number_130. Sent time: 12.04 13:54:19,252| 12.04 13:54:23,253|*******
lab29-1-1: message_number_131. Sent time: 12.04 13:54:19,253| 12.04 13:54:23,254|*******
lab29-1-1: message_number_132. Sent time: 12.04 13:54:19,254| 12.04 13:54:23,254|*******
lab29-1-1: message_number_133. Sent time: 12.04 13:54:19,254| 12.04 13:54:23,255|*******
lab29-1-1: message_number_134. Sent time: 12.04 13:54:19,255| 12.04 13:54:23,256|*******
lab29-1-1: message_number_135. Sent time: 12.04 13:54:19,255| 12.04 13:54:23,256|*******
lab29-1-1: message_number_136. Sent time: 12.04 13:54:19,255| 12.04 13:54:23,256|*******
lab29-1-1: message_number_137. Sent time: 12.04 13:54:19,255| 12.04 13:54:23,257|*******
lab29-1-1: message_number_138. Sent time: 12.04 13:54:19,256| 12.04 13:54:23,257|*******
lab29-1-1: message_number_139. Sent time: 12.04 13:54:19,256| 12.04 13:54:23,257|*******
lab29-1-1: message_number_140. Sent time: 12.04 13:54:19,257| 12.04 13:54:23,257|*******
lab29-1-1: message_number_141. Sent time: 12.04 13:54:23,243| 12.04 13:54:27,245|*******
lab29-1-1: message_number_142. Sent time: 12.04 13:54:23,244| 12.04 13:54:27,245|*******
lab29-1-1: message_number_143. Sent time: 12.04 13:54:23,244| 12.04 13:54:27,245|*******
lab29-1-1: message_number_144. Sent time: 12.04 13:54:23,245| 12.04 13:54:27,245|*******
lab29-1-1: message_number_145. Sent time: 12.04 13:54:23,245| 12.04 13:54:27,246|*******
lab29-1-1: message_number_146. Sent time: 12.04 13:54:23,245| 12.04 13:54:27,246|*******
lab29-1-1: message_number_147. Sent time: 12.04 13:54:23,246| 12.04 13:54:27,247|*******
lab29-1-1: message_number_148. Sent time: 12.04 13:54:23,246| 12.04 13:54:27,247|*******
lab29-1-1: message_number_149. Sent time: 12.04 13:54:23,247| 12.04 13:54:27,247|*******
lab29-1-1: message_number_150. Sent time: 12.04 13:54:23,254| 12.04 13:54:27,254|*******
lab29-1-1: message_number_151. Sent time: 12.04 13:54:23,255| 12.04 13:54:27,255|*******
lab29-1-1: message_number_152. Sent time: 12.04 13:54:23,255| 12.04 13:54:27,255|*******
lab29-1-1: message_number_153. Sent time: 12.04 13:54:23,256| 12.04 13:54:27,256|*******
lab29-1-1: message_number_154. Sent time: 12.04 13:54:23,256| 12.04 13:54:27,257|*******
lab29-1-1: message_number_155. Sent time: 12.04 13:54:23,257| 12.04 13:54:27,258|*******
lab29-1-1: message_number_156. Sent time: 12.04 13:54:23,257| 12.04 13:54:27,257|*******
lab29-1-1: message_number_157. Sent time: 12.04 13:54:23,258| 12.04 13:54:27,258|*******
lab29-1-1: message_number_158. Sent time: 12.04 13:54:23,258| 12.04 13:54:27,259|*******
lab29-1-1: message_number_159. Sent time: 12.04 13:54:23,258| 12.04 13:54:27,259|*******
lab29-1-1: message_number_160. Sent time: 12.04 13:54:23,258| 12.04 13:54:27,259|*******
lab29-1-1: message_number_161. Sent time: 12.04 13:54:27,246| 12.04 13:54:31,247|*******
lab29-1-1: message_number_162. Sent time: 12.04 13:54:27,246| 12.04 13:54:31,248|*******
lab29-1-1: message_number_163. Sent time: 12.04 13:54:27,246| 12.04 13:54:31,249|*******
lab29-1-1: message_number_164. Sent time: 12.04 13:54:27,247| 12.04 13:54:31,248|*******
lab29-1-1: message_number_165. Sent time: 12.04 13:54:27,247| 12.04 13:54:31,249|*******
lab29-1-1: message_number_166. Sent time: 12.04 13:54:27,247| 12.04 13:54:31,249|*******
lab29-1-1: message_number_167. Sent time: 12.04 13:54:27,247| 12.04 13:54:31,249|*******
lab29-1-1: message_number_168. Sent time: 12.04 13:54:27,248| 12.04 13:54:31,250|*******
lab29-1-1: message_number_169. Sent time: 12.04 13:54:27,248| 12.04 13:54:31,251|*******
lab29-1-1: message_number_170. Sent time: 12.04 13:54:27,255| 12.04 13:54:31,255|*******
lab29-1-1: message_number_171. Sent time: 12.04 13:54:27,256| 12.04 13:54:31,257|*******
lab29-1-1: message_number_172. Sent time: 12.04 13:54:27,257| 12.04 13:54:31,258|*******
lab29-1-1: message_number_173. Sent time: 12.04 13:54:27,257| 12.04 13:54:31,258|*******
lab29-1-1: message_number_174. Sent time: 12.04 13:54:27,258| 12.04 13:54:31,258|*******
lab29-1-1: message_number_175. Sent time: 12.04 13:54:27,258| 12.04 13:54:31,259|*******
lab29-1-1: message_number_176. Sent time: 12.04 13:54:27,258| 12.04 13:54:31,259|*******
lab29-1-1: message_number_177. Sent time: 12.04 13:54:27,260| 12.04 13:54:31,260|*******
lab29-1-1: message_number_178. Sent time: 12.04 13:54:27,260| 12.04 13:54:31,260|*******
lab29-1-1: message_number_179. Sent time: 12.04 13:54:27,260| 12.04 13:54:31,261|*******
lab29-1-1: message_number_180. Sent time: 12.04 13:54:27,261| 12.04 13:54:31,262|*******
lab29-1-1: message_number_181. Sent time: 12.04 13:54:31,250| 12.04 13:54:35,251|*******
lab29-1-1: message_number_182. Sent time: 12.04 13:54:31,250| 12.04 13:54:35,253|*******
lab29-1-1: message_number_183. Sent time: 12.04 13:54:31,250| 12.04 13:54:35,254|*******
lab29-1-1: message_number_184. Sent time: 12.04 13:54:31,250| 12.04 13:54:35,255|*******
lab29-1-1: message_number_185. Sent time: 12.04 13:54:31,251| 12.04 13:54:35,258|*******
lab29-1-1: message_number_186. Sent time: 12.04 13:54:31,251| 12.04 13:54:35,257|*******
lab29-1-1: message_number_187. Sent time: 12.04 13:54:31,252| 12.04 13:54:35,259|*******
lab29-1-1: message_number_188. Sent time: 12.04 13:54:31,252| 12.04 13:54:35,261|*******
lab29-1-1: message_number_189. Sent time: 12.04 13:54:31,252| 12.04 13:54:35,259|*******
lab29-1-1: message_number_190. Sent time: 12.04 13:54:31,257| 12.04 13:54:35,262|*******
lab29-1-1: message_number_191. Sent time: 12.04 13:54:31,258| 12.04 13:54:35,265|*******
lab29-1-1: message_number_192. Sent time: 12.04 13:54:31,259| 12.04 13:54:35,263|*******
lab29-1-1: message_number_193. Sent time: 12.04 13:54:31,260| 12.04 13:54:35,265|*******
lab29-1-1: message_number_194. Sent time: 12.04 13:54:31,260| 12.04 13:54:35,267|*******
lab29-1-1: message_number_195. Sent time: 12.04 13:54:31,260| 12.04 13:54:35,266|*******
lab29-1-1: message_number_196. Sent time: 12.04 13:54:31,260| 12.04 13:54:35,269|*******
lab29-1-1: message_number_197. Sent time: 12.04 13:54:31,261| 12.04 13:54:35,268|*******
lab29-1-1: message_number_198. Sent time: 12.04 13:54:31,261| 12.04 13:54:35,270|*******
lab29-1-1: message_number_199. Sent time: 12.04 13:54:31,263| 12.04 13:54:35,271|*******
lab29-1-1: message_number_200. Sent time: 12.04 13:54:31,263| 12.04 13:54:35,271|*******
lab29-1-1: message_number_201. Sent time: 12.04 13:54:35,256| 12.04 13:54:39,257|*******
lab29-1-1: message_number_202. Sent time: 12.04 13:54:35,257| 12.04 13:54:39,257|*******
lab29-1-1: message_number_203. Sent time: 12.04 13:54:35,258| 12.04 13:54:39,258|*******
lab29-1-1: message_number_204. Sent time: 12.04 13:54:35,260| 12.04 13:54:39,260|*******
lab29-1-1: message_number_205. Sent time: 12.04 13:54:35,260| 12.04 13:54:39,261|*******
lab29-1-1: message_number_206. Sent time: 12.04 13:54:35,261| 12.04 13:54:39,263|*******
lab29-1-1: message_number_207. Sent time: 12.04 13:54:35,262| 12.04 13:54:39,263|*******
lab29-1-1: message_number_208. Sent time: 12.04 13:54:35,264| 12.04 13:54:39,264|*******
lab29-1-1: message_number_209. Sent time: 12.04 13:54:35,265| 12.04 13:54:39,265|*******
lab29-1-1: message_number_210. Sent time: 12.04 13:54:35,266| 12.04 13:54:39,266|*******
lab29-1-1: message_number_211. Sent time: 12.04 13:54:35,267| 12.04 13:54:39,269|*******
lab29-1-1: message_number_212. Sent time: 12.04 13:54:35,268| 12.04 13:54:39,268|*******
lab29-1-1: message_number_213. Sent time: 12.04 13:54:35,269| 12.04 13:54:39,270|*******
lab29-1-1: message_number_214. Sent time: 12.04 13:54:35,270| 12.04 13:54:39,271|*******
lab29-1-1: message_number_215. Sent time: 12.04 13:54:35,271| 12.04 13:54:39,271|*******
lab29-1-1: message_number_216. Sent time: 12.04 13:54:35,271| 12.04 13:54:39,271|*******
lab29-1-1: message_number_217. Sent time: 12.04 13:54:35,273| 12.04 13:54:39,273|*******
lab29-1-1: message_number_218. Sent time: 12.04 13:54:35,274| 12.04 13:54:39,274|*******
lab29-1-1: message_number_219. Sent time: 12.04 13:54:35,273| 12.04 13:54:39,275|*******
lab29-1-1: message_number_220. Sent time: 12.04 13:54:35,274| 12.04 13:54:39,275|*******
lab29-1-1: message_number_601. Sent time: 12.04 13:55:09,670| was sent
lab29-1-1: message_number_621. Sent time: 12.04 13:55:13,672| was sent
lab29-1-1: message_number_641. Sent time: 12.04 13:55:17,675| was sent
lab29-1-1: message_number_661. Sent time: 12.04 13:55:21,681| was sent
lab29-1-1: message_number_681. Sent time: 12.04 13:55:25,684| was sent
EDITOR>>> message number 701 forgotten to send
Fehlernachricht fuer Nachrichtennummern 221 bis 222*******
lab29-1-1: message_number_223. Sent time: 12.04 13:54:39,259| 12.04 13:54:41,260|*******
lab29-1-1: message_number_224. Sent time: 12.04 13:54:39,259| 12.04 13:54:41,259|*******
Fehlernachricht fuer Nachrichtennummern 225 bis 225*******
lab29-1-1: message_number_226. Sent time: 12.04 13:54:39,260| 12.04 13:54:41,260|*******
Fehlernachricht fuer Nachrichtennummern 227 bis 228*******
lab29-1-1: message_number_229. Sent time: 12.04 13:54:39,263| 12.04 13:54:41,263|*******
lab29-1-1: message_number_230. Sent time: 12.04 13:54:39,263| 12.04 13:54:41,264|*******
Fehlernachricht fuer Nachrichtennummern 231 bis 232*******
lab29-1-1: message_number_233. Sent time: 12.04 13:54:39,264| 12.04 13:54:41,266|*******
lab29-1-1: message_number_234. Sent time: 12.04 13:54:39,265| 12.04 13:54:41,265|*******
Fehlernachricht fuer Nachrichtennummern 235 bis 235*******
lab29-1-1: message_number_236. Sent time: 12.04 13:54:39,266| 12.04 13:54:41,266|*******
Fehlernachricht fuer Nachrichtennummern 237 bis 237*******
lab29-1-1: message_number_238. Sent time: 12.04 13:54:39,267| 12.04 13:54:41,268|*******
Fehlernachricht fuer Nachrichtennummern 239 bis 239*******
lab29-1-1: message_number_240. Sent time: 12.04 13:54:39,267| 12.04 13:54:41,268|*******
Fehlernachricht fuer Nachrichtennummern 241 bis 242*******
lab29-1-1: message_number_243. Sent time: 12.04 13:54:39,270| 12.04 13:54:41,270|*******
lab29-1-1: message_number_244. Sent time: 12.04 13:54:39,270| 12.04 13:54:41,271|*******
Fehlernachricht fuer Nachrichtennummern 245 bis 246*******
lab29-1-1: message_number_247. Sent time: 12.04 13:54:39,272| 12.04 13:54:41,272|*******
lab29-1-1: message_number_248. Sent time: 12.04 13:54:39,272| 12.04 13:54:41,273|*******
Fehlernachricht fuer Nachrichtennummern 249 bis 250*******
lab29-1-1: message_number_251. Sent time: 12.04 13:54:39,273| 12.04 13:54:41,273|*******
lab29-1-1: message_number_252. Sent time: 12.04 13:54:39,273| 12.04 13:54:41,273|*******
Fehlernachricht fuer Nachrichtennummern 253 bis 253*******
lab29-1-1: message_number_254. Sent time: 12.04 13:54:39,274| 12.04 13:54:41,274|*******
Fehlernachricht fuer Nachrichtennummern 255 bis 256*******
lab29-1-1: message_number_257. Sent time: 12.04 13:54:39,276| 12.04 13:54:41,277|*******
lab29-1-1: message_number_258. Sent time: 12.04 13:54:39,276| 12.04 13:54:41,276|*******
Fehlernachricht fuer Nachrichtennummern 259 bis 259*******
lab29-1-1: message_number_260. Sent time: 12.04 13:54:39,276| 12.04 13:54:41,277|*******
lab29-1-1: message_number_261. Sent time: 12.04 13:54:41,261| 12.04 13:54:43,262|*******
lab29-1-1: message_number_262. Sent time: 12.04 13:54:41,261| 12.04 13:54:43,262|*******
lab29-1-1: message_number_263. Sent time: 12.04 13:54:41,261| 12.04 13:54:43,262|*******
lab29-1-1: message_number_264. Sent time: 12.04 13:54:41,265| 12.04 13:54:43,265|*******
lab29-1-1: message_number_265. Sent time: 12.04 13:54:41,265| 12.04 13:54:43,266|*******
lab29-1-1: message_number_266. Sent time: 12.04 13:54:41,267| 12.04 13:54:43,267|*******
lab29-1-1: message_number_267. Sent time: 12.04 13:54:41,268| 12.04 13:54:43,269|*******
lab29-1-1: message_number_268. Sent time: 12.04 13:54:41,268| 12.04 13:54:43,268|*******
lab29-1-1: message_number_269. Sent time: 12.04 13:54:41,269| 12.04 13:54:43,269|*******
lab29-1-1: message_number_270. Sent time: 12.04 13:54:41,270| 12.04 13:54:43,271|*******
lab29-1-1: message_number_271. Sent time: 12.04 13:54:41,271| 12.04 13:54:43,272|*******
lab29-1-1: message_number_272. Sent time: 12.04 13:54:41,272| 12.04 13:54:43,273|*******
lab29-1-1: message_number_273. Sent time: 12.04 13:54:41,273| 12.04 13:54:43,273|*******
lab29-1-1: message_number_274. Sent time: 12.04 13:54:41,274| 12.04 13:54:43,274|*******
lab29-1-1: message_number_275. Sent time: 12.04 13:54:41,274| 12.04 13:54:43,275|*******
lab29-1-1: message_number_276. Sent time: 12.04 13:54:41,274| 12.04 13:54:43,275|*******
lab29-1-1: message_number_277. Sent time: 12.04 13:54:41,275| 12.04 13:54:43,275|*******
lab29-1-1: message_number_278. Sent time: 12.04 13:54:41,277| 12.04 13:54:43,277|*******
lab29-1-1: message_number_279. Sent time: 12.04 13:54:41,277| 12.04 13:54:43,278|*******
lab29-1-1: message_number_280. Sent time: 12.04 13:54:41,278| 12.04 13:54:43,279|*******
lab29-1-1: message_number_281. Sent time: 12.04 13:54:43,263| 12.04 13:54:45,264|*******
lab29-1-1: message_number_282. Sent time: 12.04 13:54:43,263| 12.04 13:54:45,264|*******
lab29-1-1: message_number_283. Sent time: 12.04 13:54:43,263| 12.04 13:54:45,264|*******
lab29-1-1: message_number_284. Sent time: 12.04 13:54:43,267| 12.04 13:54:45,267|*******
lab29-1-1: message_number_285. Sent time: 12.04 13:54:43,267| 12.04 13:54:45,268|*******
lab29-1-1: message_number_286. Sent time: 12.04 13:54:43,269| 12.04 13:54:45,270|*******
lab29-1-1: message_number_287. Sent time: 12.04 13:54:43,269| 12.04 13:54:45,270|*******
lab29-1-1: message_number_288. Sent time: 12.04 13:54:43,270| 12.04 13:54:45,271|*******
lab29-1-1: message_number_289. Sent time: 12.04 13:54:43,271| 12.04 13:54:45,272|*******
lab29-1-1: message_number_290. Sent time: 12.04 13:54:43,272| 12.04 13:54:45,272|*******
lab29-1-1: message_number_291. Sent time: 12.04 13:54:43,273| 12.04 13:54:45,273|*******
lab29-1-1: message_number_292. Sent time: 12.04 13:54:43,273| 12.04 13:54:45,274|*******
lab29-1-1: message_number_293. Sent time: 12.04 13:54:43,274| 12.04 13:54:45,275|*******
lab29-1-1: message_number_294. Sent time: 12.04 13:54:43,275| 12.04 13:54:45,276|*******
lab29-1-1: message_number_295. Sent time: 12.04 13:54:43,276| 12.04 13:54:45,277|*******
lab29-1-1: message_number_296. Sent time: 12.04 13:54:43,276| 12.04 13:54:45,277|*******
lab29-1-1: message_number_297. Sent time: 12.04 13:54:43,277| 12.04 13:54:45,277|*******
lab29-1-1: message_number_298. Sent time: 12.04 13:54:43,278| 12.04 13:54:45,278|*******
lab29-1-1: message_number_299. Sent time: 12.04 13:54:43,279| 12.04 13:54:45,281|*******
lab29-1-1: message_number_300. Sent time: 12.04 13:54:43,280| 12.04 13:54:45,280|*******
lab29-1-1: message_number_301. Sent time: 12.04 13:54:45,265| 12.04 13:54:47,266|*******
lab29-1-1: message_number_302. Sent time: 12.04 13:54:45,265| 12.04 13:54:47,266|*******
lab29-1-1: message_number_303. Sent time: 12.04 13:54:45,266| 12.04 13:54:47,267|*******
lab29-1-1: message_number_304. Sent time: 12.04 13:54:45,269| 12.04 13:54:47,269|*******
lab29-1-1: message_number_305. Sent time: 12.04 13:54:45,270| 12.04 13:54:47,270|*******
lab29-1-1: message_number_306. Sent time: 12.04 13:54:45,271| 12.04 13:54:47,271|*******
lab29-1-1: message_number_307. Sent time: 12.04 13:54:45,272| 12.04 13:54:47,272|*******
lab29-1-1: message_number_308. Sent time: 12.04 13:54:45,272| 12.04 13:54:47,273|*******
lab29-1-1: message_number_309. Sent time: 12.04 13:54:45,273| 12.04 13:54:47,274|*******
lab29-1-1: message_number_310. Sent time: 12.04 13:54:45,274| 12.04 13:54:47,274|*******
lab29-1-1: message_number_311. Sent time: 12.04 13:54:45,274| 12.04 13:54:47,275|*******
lab29-1-1: message_number_312. Sent time: 12.04 13:54:45,275| 12.04 13:54:47,276|*******
lab29-1-1: message_number_313. Sent time: 12.04 13:54:45,275| 12.04 13:54:47,276|*******
lab29-1-1: message_number_314. Sent time: 12.04 13:54:45,277| 12.04 13:54:47,278|*******
lab29-1-1: message_number_315. Sent time: 12.04 13:54:45,278| 12.04 13:54:47,279|*******
lab29-1-1: message_number_316. Sent time: 12.04 13:54:45,278| 12.04 13:54:47,279|*******
lab29-1-1: message_number_317. Sent time: 12.04 13:54:45,278| 12.04 13:54:47,279|*******
lab29-1-1: message_number_318. Sent time: 12.04 13:54:45,279| 12.04 13:54:47,280|*******
lab29-1-1: message_number_319. Sent time: 12.04 13:54:45,281| 12.04 13:54:47,283|*******
lab29-1-1: message_number_320. Sent time: 12.04 13:54:45,281| 12.04 13:54:47,282|*******
lab29-1-1: message_number_321. Sent time: 12.04 13:54:47,267| 12.04 13:54:49,269|*******
lab29-1-1: message_number_322. Sent time: 12.04 13:54:47,268| 12.04 13:54:49,271|*******
lab29-1-1: message_number_323. Sent time: 12.04 13:54:47,268| 12.04 13:54:49,272|*******
lab29-1-1: message_number_324. Sent time: 12.04 13:54:47,271| 12.04 13:54:49,275|*******
lab29-1-1: message_number_325. Sent time: 12.04 13:54:47,272| 12.04 13:54:49,277|*******
lab29-1-1: message_number_326. Sent time: 12.04 13:54:47,273| 12.04 13:54:49,279|*******
lab29-1-1: message_number_327. Sent time: 12.04 13:54:47,274| 12.04 13:54:49,283|*******
lab29-1-1: message_number_328. Sent time: 12.04 13:54:47,274| 12.04 13:54:49,283|*******
lab29-1-1: message_number_329. Sent time: 12.04 13:54:47,275| 12.04 13:54:49,285|*******
lab29-1-1: message_number_330. Sent time: 12.04 13:54:47,276| 12.04 13:54:49,286|*******
lab29-1-1: message_number_331. Sent time: 12.04 13:54:47,277| 12.04 13:54:49,290|*******
lab29-1-1: message_number_332. Sent time: 12.04 13:54:47,277| 12.04 13:54:49,287|*******
lab29-1-1: message_number_333. Sent time: 12.04 13:54:47,277| 12.04 13:54:49,289|*******
lab29-1-1: message_number_334. Sent time: 12.04 13:54:47,279| 12.04 13:54:49,292|*******
lab29-1-1: message_number_335. Sent time: 12.04 13:54:47,280| 12.04 13:54:49,293|*******
lab29-1-1: message_number_336. Sent time: 12.04 13:54:47,280| 12.04 13:54:49,294|*******
lab29-1-1: message_number_337. Sent time: 12.04 13:54:47,280| 12.04 13:54:49,293|*******
lab29-1-1: message_number_338. Sent time: 12.04 13:54:47,280| 12.04 13:54:49,295|*******
lab29-1-1: message_number_339. Sent time: 12.04 13:54:47,283| 12.04 13:54:49,298|*******
lab29-1-1: message_number_340. Sent time: 12.04 13:54:47,284| 12.04 13:54:49,298|*******
lab29-1-1: message_number_721. Sent time: 12.04 13:55:29,781| was sent
lab29-1-1: message_number_741. Sent time: 12.04 13:55:31,783| was sent
lab29-1-1: message_number_761. Sent time: 12.04 13:55:33,785| was sent
lab29-1-1: message_number_781. Sent time: 12.04 13:55:35,788| was sent
lab29-1-1: message_number_801. Sent time: 12.04 13:55:37,791| was sent
EDITOR>>> message number 821 forgotten to send
Fehlernachricht fuer Nachrichtennummern 341 bis 347*******
lab29-1-1: message_number_348. Sent time: 12.04 13:54:49,286| 12.04 13:54:51,287|*******
Fehlernachricht fuer Nachrichtennummern 349 bis 354*******
lab29-1-1: message_number_355. Sent time: 12.04 13:54:49,294| 12.04 13:54:51,295|*******
Fehlernachricht fuer Nachrichtennummern 356 bis 360*******
lab29-1-1: message_number_361. Sent time: 12.04 13:54:49,299| 12.04 13:54:51,300|*******
Fehlernachricht fuer Nachrichtennummern 362 bis 363*******
lab29-1-1: message_number_364. Sent time: 12.04 13:54:49,302| 12.04 13:54:51,303|*******
lab29-1-1: message_number_365. Sent time: 12.04 13:54:49,302| 12.04 13:54:51,304|*******
lab29-1-1: message_number_366. Sent time: 12.04 13:54:49,304| 12.04 13:54:51,307|*******
lab29-1-1: message_number_367. Sent time: 12.04 13:54:49,304| 12.04 13:54:51,305|*******
lab29-1-1: message_number_368. Sent time: 12.04 13:54:49,305| 12.04 13:54:51,308|*******
lab29-1-1: message_number_369. Sent time: 12.04 13:54:49,305| 12.04 13:54:51,311|*******
lab29-1-1: message_number_370. Sent time: 12.04 13:54:49,306| 12.04 13:54:51,311|*******
lab29-1-1: message_number_371. Sent time: 12.04 13:54:49,306| 12.04 13:54:51,310|*******
lab29-1-1: message_number_372. Sent time: 12.04 13:54:49,306| 12.04 13:54:51,313|*******
lab29-1-1: message_number_373. Sent time: 12.04 13:54:49,306| 12.04 13:54:51,315|*******
lab29-1-1: message_number_374. Sent time: 12.04 13:54:49,307| 12.04 13:54:51,313|*******
lab29-1-1: message_number_375. Sent time: 12.04 13:54:49,307| 12.04 13:54:51,315|*******
lab29-1-1: message_number_376. Sent time: 12.04 13:54:49,308| 12.04 13:54:51,317|*******
lab29-1-1: message_number_377. Sent time: 12.04 13:54:49,308| 12.04 13:54:51,319|*******
lab29-1-1: message_number_378. Sent time: 12.04 13:54:49,308| 12.04 13:54:51,317|*******
lab29-1-1: message_number_379. Sent time: 12.04 13:54:49,309| 12.04 13:54:51,320|*******
lab29-1-1: message_number_380. Sent time: 12.04 13:54:49,309| 12.04 13:54:51,319|*******
lab29-1-1: message_number_381. Sent time: 12.04 13:54:51,291| 12.04 13:54:53,292|*******
lab29-1-1: message_number_382. Sent time: 12.04 13:54:51,298| 12.04 13:54:53,298|*******
lab29-1-1: message_number_383. Sent time: 12.04 13:54:51,303| 12.04 13:54:53,303|*******
lab29-1-1: message_number_384. Sent time: 12.04 13:54:51,306| 12.04 13:54:53,306|*******
lab29-1-1: message_number_385. Sent time: 12.04 13:54:51,308| 12.04 13:54:53,308|*******
lab29-1-1: message_number_386. Sent time: 12.04 13:54:51,309| 12.04 13:54:53,309|*******
lab29-1-1: message_number_387. Sent time: 12.04 13:54:51,311| 12.04 13:54:53,311|*******
lab29-1-1: message_number_388. Sent time: 12.04 13:54:51,312| 12.04 13:54:53,313|*******
lab29-1-1: message_number_389. Sent time: 12.04 13:54:51,312| 12.04 13:54:53,312|*******
lab29-1-1: message_number_390. Sent time: 12.04 13:54:51,313| 12.04 13:54:53,313|*******
lab29-1-1: message_number_391. Sent time: 12.04 13:54:51,315| 12.04 13:54:53,317|*******
lab29-1-1: message_number_392. Sent time: 12.04 13:54:51,314| 12.04 13:54:53,315|*******
lab29-1-1: message_number_393. Sent time: 12.04 13:54:51,316| 12.04 13:54:53,316|*******
lab29-1-1: message_number_394. Sent time: 12.04 13:54:51,317| 12.04 13:54:53,317|*******
lab29-1-1: message_number_395. Sent time: 12.04 13:54:51,319| 12.04 13:54:53,319|*******
lab29-1-1: message_number_396. Sent time: 12.04 13:54:51,319| 12.04 13:54:53,320|*******
lab29-1-1: message_number_397. Sent time: 12.04 13:54:51,320| 12.04 13:54:53,321|*******
lab29-1-1: message_number_398. Sent time: 12.04 13:54:51,320| 12.04 13:54:53,322|*******
lab29-1-1: message_number_399. Sent time: 12.04 13:54:51,322| 12.04 13:54:53,322|*******
lab29-1-1: message_number_400. Sent time: 12.04 13:54:51,322| 12.04 13:54:53,323|*******
lab29-1-1: message_number_401. Sent time: 12.04 13:54:53,293| 12.04 13:54:55,294|*******
lab29-1-1: message_number_402. Sent time: 12.04 13:54:53,299| 12.04 13:54:55,299|*******
lab29-1-1: message_number_403. Sent time: 12.04 13:54:53,304| 12.04 13:54:55,304|*******
lab29-1-1: message_number_404. Sent time: 12.04 13:54:53,307| 12.04 13:54:55,308|*******
lab29-1-1: message_number_405. Sent time: 12.04 13:54:53,309| 12.04 13:54:55,310|*******
lab29-1-1: message_number_406. Sent time: 12.04 13:54:53,310| 12.04 13:54:55,311|*******
lab29-1-1: message_number_407. Sent time: 12.04 13:54:53,312| 12.04 13:54:55,312|*******
lab29-1-1: message_number_408. Sent time: 12.04 13:54:53,313| 12.04 13:54:55,315|*******
lab29-1-1: message_number_409. Sent time: 12.04 13:54:53,314| 12.04 13:54:55,314|*******
lab29-1-1: message_number_410. Sent time: 12.04 13:54:53,314| 12.04 13:54:55,315|*******
lab29-1-1: message_number_411. Sent time: 12.04 13:54:53,316| 12.04 13:54:55,316|*******
lab29-1-1: message_number_412. Sent time: 12.04 13:54:53,317| 12.04 13:54:55,317|*******
lab29-1-1: message_number_413. Sent time: 12.04 13:54:53,318| 12.04 13:54:55,318|*******
lab29-1-1: message_number_414. Sent time: 12.04 13:54:53,318| 12.04 13:54:55,319|*******
lab29-1-1: message_number_415. Sent time: 12.04 13:54:53,320| 12.04 13:54:55,321|*******
lab29-1-1: message_number_416. Sent time: 12.04 13:54:53,321| 12.04 13:54:55,322|*******
lab29-1-1: message_number_417. Sent time: 12.04 13:54:53,322| 12.04 13:54:55,323|*******
lab29-1-1: message_number_418. Sent time: 12.04 13:54:53,323| 12.04 13:54:55,324|*******
lab29-1-1: message_number_419. Sent time: 12.04 13:54:53,324| 12.04 13:54:55,324|*******
lab29-1-1: message_number_420. Sent time: 12.04 13:54:53,324| 12.04 13:54:55,325|*******
lab29-1-1: message_number_421. Sent time: 12.04 13:54:55,295| 12.04 13:54:57,298|*******
lab29-1-1: message_number_422. Sent time: 12.04 13:54:55,301| 12.04 13:54:57,301|*******
lab29-1-1: message_number_423. Sent time: 12.04 13:54:55,305| 12.04 13:54:57,306|*******
lab29-1-1: message_number_424. Sent time: 12.04 13:54:55,309| 12.04 13:54:57,309|*******
lab29-1-1: message_number_425. Sent time: 12.04 13:54:55,311| 12.04 13:54:57,313|*******
lab29-1-1: message_number_426. Sent time: 12.04 13:54:55,312| 12.04 13:54:57,312|*******
lab29-1-1: message_number_427. Sent time: 12.04 13:54:55,313| 12.04 13:54:57,314|*******
lab29-1-1: message_number_428. Sent time: 12.04 13:54:55,316| 12.04 13:54:57,316|*******
lab29-1-1: message_number_429. Sent time: 12.04 13:54:55,316| 12.04 13:54:57,317|*******
lab29-1-1: message_number_430. Sent time: 12.04 13:54:55,316| 12.04 13:54:57,317|*******
lab29-1-1: message_number_431. Sent time: 12.04 13:54:55,317| 12.04 13:54:57,318|*******
lab29-1-1: message_number_432. Sent time: 12.04 13:54:55,318| 12.04 13:54:57,319|*******
lab29-1-1: message_number_433. Sent time: 12.04 13:54:55,320| 12.04 13:54:57,320|*******
lab29-1-1: message_number_434. Sent time: 12.04 13:54:55,320| 12.04 13:54:57,321|*******
lab29-1-1: message_number_435. Sent time: 12.04 13:54:55,322| 12.04 13:54:57,323|*******
lab29-1-1: message_number_436. Sent time: 12.04 13:54:55,323| 12.04 13:54:57,324|*******
lab29-1-1: message_number_437. Sent time: 12.04 13:54:55,324| 12.04 13:54:57,326|*******
lab29-1-1: message_number_438. Sent time: 12.04 13:54:55,325| 12.04 13:54:57,326|*******
lab29-1-1: message_number_439. Sent time: 12.04 13:54:55,325| 12.04 13:54:57,326|*******
lab29-1-1: message_number_440. Sent time: 12.04 13:54:55,326| 12.04 13:54:57,327|*******
lab29-1-1: message_number_441. Sent time: 12.04 13:54:57,299| 12.04 13:54:59,300|*******
lab29-1-1: message_number_442. Sent time: 12.04 13:54:57,302| 12.04 13:54:59,303|*******
lab29-1-1: message_number_443. Sent time: 12.04 13:54:57,307| 12.04 13:54:59,308|*******
lab29-1-1: message_number_444. Sent time: 12.04 13:54:57,310| 12.04 13:54:59,311|*******
lab29-1-1: message_number_445. Sent time: 12.04 13:54:57,314| 12.04 13:54:59,315|*******
lab29-1-1: message_number_446. Sent time: 12.04 13:54:57,314| 12.04 13:54:59,314|*******
lab29-1-1: message_number_447. Sent time: 12.04 13:54:57,315| 12.04 13:54:59,316|*******
lab29-1-1: message_number_448. Sent time: 12.04 13:54:57,317| 12.04 13:54:59,318|*******
lab29-1-1: message_number_449. Sent time: 12.04 13:54:57,318| 12.04 13:54:59,319|*******
lab29-1-1: message_number_450. Sent time: 12.04 13:54:57,318| 12.04 13:54:59,319|*******
lab29-1-1: message_number_451. Sent time: 12.04 13:54:57,319| 12.04 13:54:59,320|*******
lab29-1-1: message_number_452. Sent time: 12.04 13:54:57,320| 12.04 13:54:59,321|*******
lab29-1-1: message_number_453. Sent time: 12.04 13:54:57,321| 12.04 13:54:59,322|*******
lab29-1-1: message_number_454. Sent time: 12.04 13:54:57,322| 12.04 13:54:59,322|*******
lab29-1-1: message_number_455. Sent time: 12.04 13:54:57,324| 12.04 13:54:59,325|*******
lab29-1-1: message_number_456. Sent time: 12.04 13:54:57,325| 12.04 13:54:59,326|*******
lab29-1-1: message_number_457. Sent time: 12.04 13:54:57,327| 12.04 13:54:59,327|*******
lab29-1-1: message_number_458. Sent time: 12.04 13:54:57,327| 12.04 13:54:59,328|*******
lab29-1-1: message_number_459. Sent time: 12.04 13:54:57,327| 12.04 13:54:59,329|*******
lab29-1-1: message_number_460. Sent time: 12.04 13:54:57,328| 12.04 13:54:59,329|*******
lab29-1-1: message_number_823. Sent time: 12.04 13:55:39,818| was sent
lab29-1-1: message_number_861. Sent time: 12.04 13:55:41,820| was sent
lab29-1-1: message_number_881. Sent time: 12.04 13:55:43,822| was sent
lab29-1-1: message_number_901. Sent time: 12.04 13:55:45,830| was sent
lab29-1-1: message_number_921. Sent time: 12.04 13:55:47,833| was sent
EDITOR>>> message number 941 forgotten to send
Fehlernachricht fuer Nachrichtennummern 461 bis 461*******
lab29-1-1: message_number_462. Sent time: 12.04 13:54:59,301| 12.04 13:55:01,302|*******
Fehlernachricht fuer Nachrichtennummern 463 bis 463*******
lab29-1-1: message_number_464. Sent time: 12.04 13:54:59,305| 12.04 13:55:01,305|*******
Fehlernachricht fuer Nachrichtennummern 465 bis 465*******
lab29-1-1: message_number_466. Sent time: 12.04 13:54:59,309| 12.04 13:55:01,310|*******
Fehlernachricht fuer Nachrichtennummern 467 bis 467*******
lab29-1-1: message_number_468. Sent time: 12.04 13:54:59,313| 12.04 13:55:01,313|*******
Fehlernachricht fuer Nachrichtennummern 469 bis 470*******
lab29-1-1: message_number_471. Sent time: 12.04 13:54:59,316| 12.04 13:55:01,316|*******
lab29-1-1: message_number_472. Sent time: 12.04 13:54:59,316| 12.04 13:55:01,317|*******
Fehlernachricht fuer Nachrichtennummern 473 bis 473*******
lab29-1-1: message_number_474. Sent time: 12.04 13:54:59,318| 12.04 13:55:01,318|*******
Fehlernachricht fuer Nachrichtennummern 475 bis 476*******
lab29-1-1: message_number_477. Sent time: 12.04 13:54:59,320| 12.04 13:55:01,321|*******
Fehlernachricht fuer Nachrichtennummern 478 bis 478*******
lab29-1-1: message_number_479. Sent time: 12.04 13:54:59,321| 12.04 13:55:01,322|*******
lab29-1-1: message_number_480. Sent time: 12.04 13:54:59,321| 12.04 13:55:01,322|*******
Fehlernachricht fuer Nachrichtennummern 481 bis 481*******
lab29-1-1: message_number_482. Sent time: 12.04 13:54:59,321| 12.04 13:55:01,323|*******
Fehlernachricht fuer Nachrichtennummern 483 bis 484*******
lab29-1-1: message_number_485. Sent time: 12.04 13:54:59,323| 12.04 13:55:01,323|*******
lab29-1-1: message_number_486. Sent time: 12.04 13:54:59,323| 12.04 13:55:01,324|*******
Fehlernachricht fuer Nachrichtennummern 487 bis 487*******
lab29-1-1: message_number_488. Sent time: 12.04 13:54:59,324| 12.04 13:55:01,324|*******
Fehlernachricht fuer Nachrichtennummern 489 bis 490*******
lab29-1-1: message_number_491. Sent time: 12.04 13:54:59,328| 12.04 13:55:01,328|*******
lab29-1-1: message_number_492. Sent time: 12.04 13:54:59,328| 12.04 13:55:01,329|*******
Fehlernachricht fuer Nachrichtennummern 493 bis 493*******
lab29-1-1: message_number_494. Sent time: 12.04 13:54:59,329| 12.04 13:55:01,329|*******
Fehlernachricht fuer Nachrichtennummern 495 bis 497*******
lab29-1-1: message_number_498. Sent time: 12.04 13:54:59,331| 12.04 13:55:01,332|*******
lab29-1-1: message_number_499. Sent time: 12.04 13:54:59,331| 12.04 13:55:01,331|*******
lab29-1-1: message_number_500. Sent time: 12.04 13:54:59,331| 12.04 13:55:01,333|*******
lab29-1-1: message_number_501. Sent time: 12.04 13:55:01,303| 12.04 13:55:03,304|*******
lab29-1-1: message_number_502. Sent time: 12.04 13:55:01,306| 12.04 13:55:03,308|*******
lab29-1-1: message_number_503. Sent time: 12.04 13:55:01,311| 12.04 13:55:03,312|*******
lab29-1-1: message_number_504. Sent time: 12.04 13:55:01,314| 12.04 13:55:03,316|*******
lab29-1-1: message_number_505. Sent time: 12.04 13:55:01,317| 12.04 13:55:03,319|*******
lab29-1-1: message_number_506. Sent time: 12.04 13:55:01,318| 12.04 13:55:03,321|*******
lab29-1-1: message_number_507. Sent time: 12.04 13:55:01,320| 12.04 13:55:03,322|*******
lab29-1-1: message_number_508. Sent time: 12.04 13:55:01,322| 12.04 13:55:03,324|*******
lab29-1-1: message_number_509. Sent time: 12.04 13:55:01,323| 12.04 13:55:03,325|*******
lab29-1-1: message_number_510. Sent time: 12.04 13:55:01,323| 12.04 13:55:03,326|*******
lab29-1-1: message_number_511. Sent time: 12.04 13:55:01,324| 12.04 13:55:03,328|*******
lab29-1-1: message_number_512. Sent time: 12.04 13:55:01,324| 12.04 13:55:03,330|*******
lab29-1-1: message_number_513. Sent time: 12.04 13:55:01,325| 12.04 13:55:03,329|*******
lab29-1-1: message_number_514. Sent time: 12.04 13:55:01,325| 12.04 13:55:03,332|*******
lab29-1-1: message_number_515. Sent time: 12.04 13:55:01,329| 12.04 13:55:03,335|*******
lab29-1-1: message_number_516. Sent time: 12.04 13:55:01,330| 12.04 13:55:03,335|*******
lab29-1-1: message_number_517. Sent time: 12.04 13:55:01,331| 12.04 13:55:03,336|*******
lab29-1-1: message_number_518. Sent time: 12.04 13:55:01,333| 12.04 13:55:03,336|*******
lab29-1-1: message_number_519. Sent time: 12.04 13:55:01,333| 12.04 13:55:03,337|*******
lab29-1-1: message_number_520. Sent time: 12.04 13:55:01,334| 12.04 13:55:03,338|*******
lab29-1-1: message_number_521. Sent time: 12.04 13:55:03,309| 12.04 13:55:05,311|*******
lab29-1-1: message_number_522. Sent time: 12.04 13:55:03,312| 12.04 13:55:05,313|*******
lab29-1-1: message_number_523. Sent time: 12.04 13:55:03,317| 12.04 13:55:05,317|*******
lab29-1-1: message_number_524. Sent time: 12.04 13:55:03,319| 12.04 13:55:05,320|*******
lab29-1-1: message_number_525. Sent time: 12.04 13:55:03,322| 12.04 13:55:05,322|*******
lab29-1-1: message_number_526. Sent time: 12.04 13:55:03,323| 12.04 13:55:05,323|*******
lab29-1-1: message_number_527. Sent time: 12.04 13:55:03,325| 12.04 13:55:05,325|*******
lab29-1-1: message_number_528. Sent time: 12.04 13:55:03,326| 12.04 13:55:05,327|*******
lab29-1-1: message_number_529. Sent time: 12.04 13:55:03,327| 12.04 13:55:05,328|*******
lab29-1-1: message_number_530. Sent time: 12.04 13:55:03,331| 12.04 13:55:05,331|*******
lab29-1-1: message_number_531. Sent time: 12.04 13:55:03,331| 12.04 13:55:05,332|*******
lab29-1-1: message_number_532. Sent time: 12.04 13:55:03,331| 12.04 13:55:05,333|*******
lab29-1-1: message_number_533. Sent time: 12.04 13:55:03,332| 12.04 13:55:05,333|*******
lab29-1-1: message_number_534. Sent time: 12.04 13:55:03,336| 12.04 13:55:05,336|*******
lab29-1-1: message_number_535. Sent time: 12.04 13:55:03,336| 12.04 13:55:05,337|*******
lab29-1-1: message_number_536. Sent time: 12.04 13:55:03,337| 12.04 13:55:05,337|*******
lab29-1-1: message_number_537. Sent time: 12.04 13:55:03,337| 12.04 13:55:05,338|*******
lab29-1-1: message_number_538. Sent time: 12.04 13:55:03,338| 12.04 13:55:05,339|*******
lab29-1-1: message_number_539. Sent time: 12.04 13:55:03,339| 12.04 13:55:05,340|*******
lab29-1-1: message_number_540. Sent time: 12.04 13:55:03,339| 12.04 13:55:05,340|*******
lab29-1-1: message_number_541. Sent time: 12.04 13:55:05,314| 12.04 13:55:07,315|*******
lab29-1-1: message_number_542. Sent time: 12.04 13:55:05,316| 12.04 13:55:07,316|*******
lab29-1-1: message_number_543. Sent time: 12.04 13:55:05,320| 12.04 13:55:07,320|*******
lab29-1-1: message_number_544. Sent time: 12.04 13:55:05,323| 12.04 13:55:07,323|*******
lab29-1-1: message_number_545. Sent time: 12.04 13:55:05,324| 12.04 13:55:07,325|*******
lab29-1-1: message_number_546. Sent time: 12.04 13:55:05,325| 12.04 13:55:07,326|*******
lab29-1-1: message_number_547. Sent time: 12.04 13:55:05,327| 12.04 13:55:07,327|*******
lab29-1-1: message_number_548. Sent time: 12.04 13:55:05,328| 12.04 13:55:07,329|*******
lab29-1-1: message_number_549. Sent time: 12.04 13:55:05,329| 12.04 13:55:07,330|*******
lab29-1-1: message_number_550. Sent time: 12.04 13:55:05,332| 12.04 13:55:07,333|*******
lab29-1-1: message_number_551. Sent time: 12.04 13:55:05,334| 12.04 13:55:07,334|*******
lab29-1-1: message_number_552. Sent time: 12.04 13:55:05,334| 12.04 13:55:07,336|*******
lab29-1-1: message_number_553. Sent time: 12.04 13:55:05,335| 12.04 13:55:07,336|*******
lab29-1-1: message_number_554. Sent time: 12.04 13:55:05,337| 12.04 13:55:07,338|*******
lab29-1-1: message_number_555. Sent time: 12.04 13:55:05,338| 12.04 13:55:07,339|*******
lab29-1-1: message_number_556. Sent time: 12.04 13:55:05,339| 12.04 13:55:07,339|*******
lab29-1-1: message_number_557. Sent time: 12.04 13:55:05,339| 12.04 13:55:07,340|*******
lab29-1-1: message_number_558. Sent time: 12.04 13:55:05,341| 12.04 13:55:07,341|*******
lab29-1-1: message_number_559. Sent time: 12.04 13:55:05,341| 12.04 13:55:07,342|*******
lab29-1-1: message_number_560. Sent time: 12.04 13:55:05,341| 12.04 13:55:07,342|*******
lab29-1-1: message_number_561. Sent time: 12.04 13:55:07,317| 12.04 13:55:09,317|*******
lab29-1-1: message_number_562. Sent time: 12.04 13:55:07,317| 12.04 13:55:09,318|*******
lab29-1-1: message_number_563. Sent time: 12.04 13:55:07,321| 12.04 13:55:09,322|*******
lab29-1-1: message_number_564. Sent time: 12.04 13:55:07,326| 12.04 13:55:09,327|*******
lab29-1-1: message_number_565. Sent time: 12.04 13:55:07,326| 12.04 13:55:09,328|*******
lab29-1-1: message_number_566. Sent time: 12.04 13:55:07,327| 12.04 13:55:09,328|*******
lab29-1-1: message_number_567. Sent time: 12.04 13:55:07,329| 12.04 13:55:09,330|*******
lab29-1-1: message_number_568. Sent time: 12.04 13:55:07,330| 12.04 13:55:09,332|*******
lab29-1-1: message_number_569. Sent time: 12.04 13:55:07,332| 12.04 13:55:09,334|*******
lab29-1-1: message_number_570. Sent time: 12.04 13:55:07,334| 12.04 13:55:09,336|*******
lab29-1-1: message_number_571. Sent time: 12.04 13:55:07,335| 12.04 13:55:09,338|*******
lab29-1-1: message_number_572. Sent time: 12.04 13:55:07,337| 12.04 13:55:09,339|*******
lab29-1-1: message_number_573. Sent time: 12.04 13:55:07,337| 12.04 13:55:09,339|*******
lab29-1-1: message_number_574. Sent time: 12.04 13:55:07,339| 12.04 13:55:09,342|*******
lab29-1-1: message_number_575. Sent time: 12.04 13:55:07,340| 12.04 13:55:09,342|*******
lab29-1-1: message_number_576. Sent time: 12.04 13:55:07,341| 12.04 13:55:09,344|*******
lab29-1-1: message_number_577. Sent time: 12.04 13:55:07,341| 12.04 13:55:09,343|*******
lab29-1-1: message_number_578. Sent time: 12.04 13:55:07,343| 12.04 13:55:09,346|*******
lab29-1-1: message_number_579. Sent time: 12.04 13:55:07,343| 12.04 13:55:09,348|*******
lab29-1-1: message_number_580. Sent time: 12.04 13:55:07,344| 12.04 13:55:09,348|*******
lab29-1-1: message_number_943. Sent time: 12.04 13:55:49,859| was sent
lab29-1-1: message_number_981. Sent time: 12.04 13:55:51,861| was sent
lab29-1-1: message_number_1001. Sent time: 12.04 13:55:53,863| was sent
lab29-1-1: message_number_1021. Sent time: 12.04 13:55:55,865| was sent
lab29-1-1: message_number_1041. Sent time: 12.04 13:55:57,867| was sent
EDITOR>>> message number 1061 forgotten to send
Fehlernachricht fuer Nachrichtennummern 581 bis 600*******
lab29-1-1: message_number_601. Sent time: 12.04 13:55:09,670| 12.04 13:55:13,671|*******
lab29-1-1: message_number_602. Sent time: 12.04 13:55:09,674| 12.04 13:55:13,675|*******
lab29-1-1: message_number_603. Sent time: 12.04 13:55:09,699| 12.04 13:55:13,699|*******
lab29-1-1: message_number_604. Sent time: 12.04 13:55:09,710| 12.04 13:55:13,711|*******
lab29-1-1: message_number_605. Sent time: 12.04 13:55:09,712| 12.04 13:55:13,712|*******
lab29-1-1: message_number_606. Sent time: 12.04 13:55:09,712| 12.04 13:55:13,713|*******
lab29-1-1: message_number_607. Sent time: 12.04 13:55:09,715| 12.04 13:55:13,716|*******
lab29-1-1: message_number_608. Sent time: 12.04 13:55:09,719| 12.04 13:55:13,719|*******
lab29-1-1: message_number_609. Sent time: 12.04 13:55:09,721| 12.04 13:55:13,721|*******
lab29-1-1: message_number_610. Sent time: 12.04 13:55:09,724| 12.04 13:55:13,725|*******
lab29-1-1: message_number_611. Sent time: 12.04 13:55:09,726| 12.04 13:55:13,726|*******
lab29-1-1: message_number_612. Sent time: 12.04 13:55:09,726| 12.04 13:55:13,727|*******
lab29-1-1: message_number_613. Sent time: 12.04 13:55:09,726| 12.04 13:55:13,728|*******
lab29-1-1: message_number_614. Sent time: 12.04 13:55:09,727| 12.04 13:55:13,727|*******
lab29-1-1: message_number_615. Sent time: 12.04 13:55:09,727| 12.04 13:55:13,728|*******
lab29-1-1: message_number_616. Sent time: 12.04 13:55:09,727| 12.04 13:55:13,729|*******
lab29-1-1: message_number_617. Sent time: 12.04 13:55:09,727| 12.04 13:55:13,730|*******
lab29-1-1: message_number_618. Sent time: 12.04 13:55:09,728| 12.04 13:55:13,730|*******
lab29-1-1: message_number_619. Sent time: 12.04 13:55:09,728| 12.04 13:55:13,731|*******
lab29-1-1: message_number_620. Sent time: 12.04 13:55:09,728| 12.04 13:55:13,729|*******
lab29-1-1: message_number_621. Sent time: 12.04 13:55:13,672| 12.04 13:55:17,674|*******
lab29-1-1: message_number_622. Sent time: 12.04 13:55:13,676| 12.04 13:55:17,677|*******
lab29-1-1: message_number_623. Sent time: 12.04 13:55:13,700| 12.04 13:55:17,701|*******
lab29-1-1: message_number_624. Sent time: 12.04 13:55:13,712| 12.04 13:55:17,713|*******
lab29-1-1: message_number_625. Sent time: 12.04 13:55:13,713| 12.04 13:55:17,714|*******
lab29-1-1: message_number_626. Sent time: 12.04 13:55:13,714| 12.04 13:55:17,715|*******
lab29-1-1: message_number_627. Sent time: 12.04 13:55:13,717| 12.04 13:55:17,718|*******
lab29-1-1: message_number_628. Sent time: 12.04 13:55:13,720| 12.04 13:55:17,721|*******
lab29-1-1: message_number_629. Sent time: 12.04 13:55:13,722| 12.04 13:55:17,723|*******
lab29-1-1: message_number_630. Sent time: 12.04 13:55:13,726| 12.04 13:55:17,727|*******
lab29-1-1: message_number_631. Sent time: 12.04 13:55:13,727| 12.04 13:55:17,728|*******
lab29-1-1: message_number_632. Sent time: 12.04 13:55:13,728| 12.04 13:55:17,729|*******
lab29-1-1: message_number_633. Sent time: 12.04 13:55:13,729| 12.04 13:55:17,729|*******
lab29-1-1: message_number_634. Sent time: 12.04 13:55:13,729| 12.04 13:55:17,730|*******
lab29-1-1: message_number_635. Sent time: 12.04 13:55:13,729| 12.04 13:55:17,731|*******
lab29-1-1: message_number_636. Sent time: 12.04 13:55:13,730| 12.04 13:55:17,731|*******
lab29-1-1: message_number_637. Sent time: 12.04 13:55:13,730| 12.04 13:55:17,732|*******
lab29-1-1: message_number_638. Sent time: 12.04 13:55:13,731| 12.04 13:55:17,733|*******
lab29-1-1: message_number_639. Sent time: 12.04 13:55:13,731| 12.04 13:55:17,734|*******
lab29-1-1: message_number_640. Sent time: 12.04 13:55:13,732| 12.04 13:55:17,734|*******
lab29-1-1: message_number_641. Sent time: 12.04 13:55:17,675| 12.04 13:55:21,678|*******
lab29-1-1: message_number_642. Sent time: 12.04 13:55:17,678| 12.04 13:55:21,680|*******
lab29-1-1: message_number_643. Sent time: 12.04 13:55:17,702| 12.04 13:55:21,704|*******
lab29-1-1: message_number_644. Sent time: 12.04 13:55:17,715| 12.04 13:55:21,715|*******
lab29-1-1: message_number_645. Sent time: 12.04 13:55:17,716| 12.04 13:55:21,717|*******
lab29-1-1: message_number_646. Sent time: 12.04 13:55:17,716| 12.04 13:55:21,717|*******
lab29-1-1: message_number_647. Sent time: 12.04 13:55:17,719| 12.04 13:55:21,720|*******
lab29-1-1: message_number_648. Sent time: 12.04 13:55:17,722| 12.04 13:55:21,723|*******
lab29-1-1: message_number_649. Sent time: 12.04 13:55:17,724| 12.04 13:55:21,725|*******
lab29-1-1: message_number_650. Sent time: 12.04 13:55:17,728| 12.04 13:55:21,729|*******
lab29-1-1: message_number_651. Sent time: 12.04 13:55:17,729| 12.04 13:55:21,730|*******
lab29-1-1: message_number_652. Sent time: 12.04 13:55:17,730| 12.04 13:55:21,731|*******
lab29-1-1: message_number_653. Sent time: 12.04 13:55:17,731| 12.04 13:55:21,732|*******
lab29-1-1: message_number_654. Sent time: 12.04 13:55:17,731| 12.04 13:55:21,733|*******
lab29-1-1: message_number_655. Sent time: 12.04 13:55:17,732| 12.04 13:55:21,733|*******
lab29-1-1: message_number_656. Sent time: 12.04 13:55:17,733| 12.04 13:55:21,733|*******
lab29-1-1: message_number_657. Sent time: 12.04 13:55:17,734| 12.04 13:55:21,734|*******
lab29-1-1: message_number_658. Sent time: 12.04 13:55:17,734| 12.04 13:55:21,735|*******
lab29-1-1: message_number_659. Sent time: 12.04 13:55:17,735| 12.04 13:55:21,735|*******
lab29-1-1: message_number_660. Sent time: 12.04 13:55:17,735| 12.04 13:55:21,736|*******
lab29-1-1: message_number_661. Sent time: 12.04 13:55:21,681| 12.04 13:55:25,682|*******
lab29-1-1: message_number_662. Sent time: 12.04 13:55:21,684| 12.04 13:55:25,684|*******
lab29-1-1: message_number_663. Sent time: 12.04 13:55:21,705| 12.04 13:55:25,706|*******
lab29-1-1: message_number_664. Sent time: 12.04 13:55:21,717| 12.04 13:55:25,717|*******
lab29-1-1: message_number_665. Sent time: 12.04 13:55:21,718| 12.04 13:55:25,718|*******
lab29-1-1: message_number_666. Sent time: 12.04 13:55:21,719| 12.04 13:55:25,719|*******
lab29-1-1: message_number_667. Sent time: 12.04 13:55:21,721| 12.04 13:55:25,722|*******
lab29-1-1: message_number_668. Sent time: 12.04 13:55:21,725| 12.04 13:55:25,725|*******
lab29-1-1: message_number_669. Sent time: 12.04 13:55:21,726| 12.04 13:55:25,727|*******
lab29-1-1: message_number_670. Sent time: 12.04 13:55:21,731| 12.04 13:55:25,731|*******
lab29-1-1: message_number_671. Sent time: 12.04 13:55:21,732| 12.04 13:55:25,732|*******
lab29-1-1: message_number_672. Sent time: 12.04 13:55:21,732| 12.04 13:55:25,733|*******
lab29-1-1: message_number_673. Sent time: 12.04 13:55:21,733| 12.04 13:55:25,734|*******
lab29-1-1: message_number_674. Sent time: 12.04 13:55:21,734| 12.04 13:55:25,735|*******
lab29-1-1: message_number_675. Sent time: 12.04 13:55:21,734| 12.04 13:55:25,735|*******
lab29-1-1: message_number_676. Sent time: 12.04 13:55:21,735| 12.04 13:55:25,736|*******
lab29-1-1: message_number_677. Sent time: 12.04 13:55:21,735| 12.04 13:55:25,736|*******
lab29-1-1: message_number_678. Sent time: 12.04 13:55:21,736| 12.04 13:55:25,737|*******
lab29-1-1: message_number_679. Sent time: 12.04 13:55:21,736| 12.04 13:55:25,737|*******
lab29-1-1: message_number_680. Sent time: 12.04 13:55:21,738| 12.04 13:55:25,738|*******
lab29-1-1: message_number_681. Sent time: 12.04 13:55:25,684| 12.04 13:55:29,686|*******
lab29-1-1: message_number_682. Sent time: 12.04 13:55:25,686| 12.04 13:55:29,688|*******
lab29-1-1: message_number_683. Sent time: 12.04 13:55:25,708| 12.04 13:55:29,709|*******
lab29-1-1: message_number_684. Sent time: 12.04 13:55:25,718| 12.04 13:55:29,720|*******
lab29-1-1: message_number_685. Sent time: 12.04 13:55:25,719| 12.04 13:55:29,720|*******
lab29-1-1: message_number_686. Sent time: 12.04 13:55:25,720| 12.04 13:55:29,722|*******
lab29-1-1: message_number_687. Sent time: 12.04 13:55:25,724| 12.04 13:55:29,725|*******
lab29-1-1: message_number_688. Sent time: 12.04 13:55:25,726| 12.04 13:55:29,728|*******
lab29-1-1: message_number_689. Sent time: 12.04 13:55:25,728| 12.04 13:55:29,730|*******
lab29-1-1: message_number_690. Sent time: 12.04 13:55:25,732| 12.04 13:55:29,734|*******
lab29-1-1: message_number_691. Sent time: 12.04 13:55:25,733| 12.04 13:55:29,736|*******
lab29-1-1: message_number_692. Sent time: 12.04 13:55:25,734| 12.04 13:55:29,737|*******
lab29-1-1: message_number_693. Sent time: 12.04 13:55:25,735| 12.04 13:55:29,737|*******
lab29-1-1: message_number_694. Sent time: 12.04 13:55:25,736| 12.04 13:55:29,739|*******
lab29-1-1: message_number_695. Sent time: 12.04 13:55:25,736| 12.04 13:55:29,740|*******
lab29-1-1: message_number_696. Sent time: 12.04 13:55:25,737| 12.04 13:55:29,740|*******
lab29-1-1: message_number_697. Sent time: 12.04 13:55:25,738| 12.04 13:55:29,741|*******
lab29-1-1: message_number_698. Sent time: 12.04 13:55:25,738| 12.04 13:55:29,742|*******
lab29-1-1: message_number_699. Sent time: 12.04 13:55:25,738| 12.04 13:55:29,742|*******
lab29-1-1: message_number_700. Sent time: 12.04 13:55:25,739| 12.04 13:55:29,743|*******
lab29-1-1: message_number_1063. Sent time: 12.04 13:55:59,894| was sent
client_2clients@lab29.cpt.haw-hamburg.de-<0.46.0>- Start: 12.04 13:57:00,395|
lab29-1-1: message_number_2. Sent time: 12.04 13:57:00,397| was sent
client_2clients@lab29.cpt.haw-hamburg.de-<0.44.0>- Start: 12.04 13:58:31,442|
lab29-1-1: message_number_2. Sent time: 12.04 13:58:31,442| was sent
lab29-1-1: message_number_21. Sent time: 12.04 13:58:33,444| was sent
lab29-1-1: message_number_41. Sent time: 12.04 13:58:35,447| was sent
lab29-1-1: message_number_62. Sent time: 12.04 13:58:37,449| was sent
lab29-1-1: message_number_82. Sent time: 12.04 13:58:39,451| was sent
EDITOR>>> message number 101 forgotten to send
lab29-1-1: message_number_1. Sent time: 12.04 13:58:31,442| 12.04 13:58:33,443|*******
lab29-1-1: message_number_2. Sent time: 12.04 13:58:31,442| 12.04 13:58:33,443|*******
lab29-1-1: message_number_3. Sent time: 12.04 13:58:31,443| 12.04 13:58:33,444|*******
lab29-1-1: message_number_4. Sent time: 12.04 13:58:31,443| 12.04 13:58:33,444|*******
lab29-1-1: message_number_5. Sent time: 12.04 13:58:31,443| 12.04 13:58:33,444|*******
lab29-1-1: message_number_6. Sent time: 12.04 13:58:31,443| 12.04 13:58:33,444|*******
lab29-1-1: message_number_7. Sent time: 12.04 13:58:31,444| 12.04 13:58:33,445|*******
lab29-1-1: message_number_8. Sent time: 12.04 13:58:31,443| 12.04 13:58:33,444|*******
lab29-1-1: message_number_9. Sent time: 12.04 13:58:31,445| 12.04 13:58:33,446|*******
lab29-1-1: message_number_10. Sent time: 12.04 13:58:31,445| 12.04 13:58:33,446|*******
lab29-1-1: message_number_11. Sent time: 12.04 13:58:31,446| 12.04 13:58:33,447|*******
lab29-1-1: message_number_12. Sent time: 12.04 13:58:31,446| 12.04 13:58:33,447|*******
lab29-1-1: message_number_13. Sent time: 12.04 13:58:31,447| 12.04 13:58:33,448|*******
lab29-1-1: message_number_14. Sent time: 12.04 13:58:31,448| 12.04 13:58:33,449|*******
lab29-1-1: message_number_15. Sent time: 12.04 13:58:31,448| 12.04 13:58:33,449|*******
lab29-1-1: message_number_16. Sent time: 12.04 13:58:31,449| 12.04 13:58:33,450|*******
lab29-1-1: message_number_17. Sent time: 12.04 13:58:31,450| 12.04 13:58:33,451|*******
lab29-1-1: message_number_18. Sent time: 12.04 13:58:31,450| 12.04 13:58:33,452|*******
lab29-1-1: message_number_19. Sent time: 12.04 13:58:31,451| 12.04 13:58:33,452|*******
lab29-1-1: message_number_20. Sent time: 12.04 13:58:31,452| 12.04 13:58:33,454|*******
lab29-1-1: message_number_21. Sent time: 12.04 13:58:33,444| 12.04 13:58:35,445|*******
lab29-1-1: message_number_22. Sent time: 12.04 13:58:33,444| 12.04 13:58:35,445|*******
lab29-1-1: message_number_23. Sent time: 12.04 13:58:33,444| 12.04 13:58:35,445|*******
lab29-1-1: message_number_24. Sent time: 12.04 13:58:33,444| 12.04 13:58:35,445|*******
lab29-1-1: message_number_25. Sent time: 12.04 13:58:33,445| 12.04 13:58:35,446|*******
lab29-1-1: message_number_26. Sent time: 12.04 13:58:33,445| 12.04 13:58:35,446|*******
lab29-1-1: message_number_27. Sent time: 12.04 13:58:33,445| 12.04 13:58:35,446|*******
lab29-1-1: message_number_28. Sent time: 12.04 13:58:33,446| 12.04 13:58:35,447|*******
lab29-1-1: message_number_29. Sent time: 12.04 13:58:33,447| 12.04 13:58:35,448|*******
lab29-1-1: message_number_30. Sent time: 12.04 13:58:33,447| 12.04 13:58:35,448|*******
lab29-1-1: message_number_31. Sent time: 12.04 13:58:33,448| 12.04 13:58:35,449|*******
lab29-1-1: message_number_32. Sent time: 12.04 13:58:33,448| 12.04 13:58:35,449|*******
lab29-1-1: message_number_33. Sent time: 12.04 13:58:33,449| 12.04 13:58:35,450|*******
lab29-1-1: message_number_34. Sent time: 12.04 13:58:33,450| 12.04 13:58:35,451|*******
lab29-1-1: message_number_35. Sent time: 12.04 13:58:33,450| 12.04 13:58:35,451|*******
lab29-1-1: message_number_36. Sent time: 12.04 13:58:33,451| 12.04 13:58:35,452|*******
lab29-1-1: message_number_37. Sent time: 12.04 13:58:33,452| 12.04 13:58:35,453|*******
lab29-1-1: message_number_38. Sent time: 12.04 13:58:33,453| 12.04 13:58:35,454|*******
lab29-1-1: message_number_39. Sent time: 12.04 13:58:33,453| 12.04 13:58:35,454|*******
lab29-1-1: message_number_40. Sent time: 12.04 13:58:33,454| 12.04 13:58:35,455|*******
lab29-1-1: message_number_41. Sent time: 12.04 13:58:35,447| 12.04 13:58:37,448|*******
lab29-1-1: message_number_42. Sent time: 12.04 13:58:35,447| 12.04 13:58:37,448|*******
lab29-1-1: message_number_43. Sent time: 12.04 13:58:35,448| 12.04 13:58:37,449|*******
lab29-1-1: message_number_44. Sent time: 12.04 13:58:35,448| 12.04 13:58:37,449|*******
lab29-1-1: message_number_45. Sent time: 12.04 13:58:35,448| 12.04 13:58:37,449|*******
lab29-1-1: message_number_46. Sent time: 12.04 13:58:35,448| 12.04 13:58:37,449|*******
lab29-1-1: message_number_47. Sent time: 12.04 13:58:35,448| 12.04 13:58:37,449|*******
lab29-1-1: message_number_48. Sent time: 12.04 13:58:35,449| 12.04 13:58:37,450|*******
lab29-1-1: message_number_49. Sent time: 12.04 13:58:35,450| 12.04 13:58:37,451|*******
lab29-1-1: message_number_50. Sent time: 12.04 13:58:35,450| 12.04 13:58:37,451|*******
lab29-1-1: message_number_51. Sent time: 12.04 13:58:35,450| 12.04 13:58:37,451|*******
lab29-1-1: message_number_52. Sent time: 12.04 13:58:35,450| 12.04 13:58:37,451|*******
lab29-1-1: message_number_53. Sent time: 12.04 13:58:35,454| 12.04 13:58:37,455|*******
lab29-1-1: message_number_54. Sent time: 12.04 13:58:35,454| 12.04 13:58:37,455|*******
lab29-1-1: message_number_55. Sent time: 12.04 13:58:35,454| 12.04 13:58:37,455|*******
lab29-1-1: message_number_56. Sent time: 12.04 13:58:35,454| 12.04 13:58:37,455|*******
lab29-1-1: message_number_57. Sent time: 12.04 13:58:35,455| 12.04 13:58:37,456|*******
lab29-1-1: message_number_58. Sent time: 12.04 13:58:35,455| 12.04 13:58:37,456|*******
lab29-1-1: message_number_59. Sent time: 12.04 13:58:35,455| 12.04 13:58:37,456|*******
lab29-1-1: message_number_60. Sent time: 12.04 13:58:35,456| 12.04 13:58:37,457|*******
lab29-1-1: message_number_61. Sent time: 12.04 13:58:37,449| 12.04 13:58:39,450|*******
lab29-1-1: message_number_62. Sent time: 12.04 13:58:37,449| 12.04 13:58:39,450|*******
lab29-1-1: message_number_63. Sent time: 12.04 13:58:37,449| 12.04 13:58:39,450|*******
lab29-1-1: message_number_64. Sent time: 12.04 13:58:37,450| 12.04 13:58:39,451|*******
lab29-1-1: message_number_65. Sent time: 12.04 13:58:37,450| 12.04 13:58:39,451|*******
lab29-1-1: message_number_66. Sent time: 12.04 13:58:37,450| 12.04 13:58:39,451|*******
lab29-1-1: message_number_67. Sent time: 12.04 13:58:37,450| 12.04 13:58:39,451|*******
lab29-1-1: message_number_68. Sent time: 12.04 13:58:37,451| 12.04 13:58:39,452|*******
lab29-1-1: message_number_69. Sent time: 12.04 13:58:37,451| 12.04 13:58:39,452|*******
lab29-1-1: message_number_70. Sent time: 12.04 13:58:37,452| 12.04 13:58:39,453|*******
lab29-1-1: message_number_71. Sent time: 12.04 13:58:37,452| 12.04 13:58:39,453|*******
lab29-1-1: message_number_72. Sent time: 12.04 13:58:37,452| 12.04 13:58:39,453|*******
lab29-1-1: message_number_73. Sent time: 12.04 13:58:37,456| 12.04 13:58:39,457|*******
lab29-1-1: message_number_74. Sent time: 12.04 13:58:37,457| 12.04 13:58:39,458|*******
lab29-1-1: message_number_75. Sent time: 12.04 13:58:37,457| 12.04 13:58:39,458|*******
lab29-1-1: message_number_76. Sent time: 12.04 13:58:37,457| 12.04 13:58:39,458|*******
lab29-1-1: message_number_77. Sent time: 12.04 13:58:37,457| 12.04 13:58:39,458|*******
lab29-1-1: message_number_78. Sent time: 12.04 13:58:37,457| 12.04 13:58:39,458|*******
lab29-1-1: message_number_79. Sent time: 12.04 13:58:37,458| 12.04 13:58:39,459|*******
lab29-1-1: message_number_80. Sent time: 12.04 13:58:37,458| 12.04 13:58:39,459|*******
lab29-1-1: message_number_81. Sent time: 12.04 13:58:39,451| 12.04 13:58:41,452|*******
lab29-1-1: message_number_82. Sent time: 12.04 13:58:39,451| 12.04 13:58:41,452|*******
lab29-1-1: message_number_83. Sent time: 12.04 13:58:39,451| 12.04 13:58:41,453|*******
lab29-1-1: message_number_84. Sent time: 12.04 13:58:39,452| 12.04 13:58:41,453|*******
lab29-1-1: message_number_85. Sent time: 12.04 13:58:39,452| 12.04 13:58:41,454|*******
lab29-1-1: message_number_86. Sent time: 12.04 13:58:39,452| 12.04 13:58:41,455|*******
lab29-1-1: message_number_87. Sent time: 12.04 13:58:39,452| 12.04 13:58:41,454|*******
lab29-1-1: message_number_88. Sent time: 12.04 13:58:39,453| 12.04 13:58:41,455|*******
lab29-1-1: message_number_89. Sent time: 12.04 13:58:39,453| 12.04 13:58:41,456|*******
lab29-1-1: message_number_90. Sent time: 12.04 13:58:39,454| 12.04 13:58:41,456|*******
lab29-1-1: message_number_91. Sent time: 12.04 13:58:39,454| 12.04 13:58:41,457|*******
lab29-1-1: message_number_92. Sent time: 12.04 13:58:39,454| 12.04 13:58:41,456|*******
lab29-1-1: message_number_93. Sent time: 12.04 13:58:39,458| 12.04 13:58:41,465|*******
lab29-1-1: message_number_94. Sent time: 12.04 13:58:39,458| 12.04 13:58:41,464|*******
lab29-1-1: message_number_95. Sent time: 12.04 13:58:39,459| 12.04 13:58:41,465|*******
lab29-1-1: message_number_96. Sent time: 12.04 13:58:39,459| 12.04 13:58:41,466|*******
lab29-1-1: message_number_97. Sent time: 12.04 13:58:39,460| 12.04 13:58:41,467|*******
lab29-1-1: message_number_98. Sent time: 12.04 13:58:39,460| 12.04 13:58:41,467|*******
lab29-1-1: message_number_99. Sent time: 12.04 13:58:39,460| 12.04 13:58:41,467|*******
lab29-1-1: message_number_100. Sent time: 12.04 13:58:39,461| 12.04 13:58:41,468|*******
lab29-1-1: message_number_123. Sent time: 12.04 13:58:41,696| was sent
lab29-1-1: message_number_144. Sent time: 12.04 13:58:45,698| was sent
lab29-1-1: message_number_164. Sent time: 12.04 13:58:49,701| was sent
lab29-1-1: message_number_184. Sent time: 12.04 13:58:53,709| was sent
lab29-1-1: message_number_205. Sent time: 12.04 13:58:57,716| was sent
